2021-09-07 19:33:02.624  INFO 79256 --- [restartedMain] com.gs.api.Application                   : Starting Application on gui-mint with PID 79256 (/home/guistella/Documents/study/java/aula-udemy-rest/target/classes started by guistella in /home/guistella/Documents/study/java/aula-udemy-rest)
2021-09-07 19:33:02.628  INFO 79256 --- [restartedMain] com.gs.api.Application                   : No active profile set, falling back to default profiles: default
2021-09-07 19:33:02.721  INFO 79256 --- [restartedMain] o.s.b.devtools.restart.ChangeableUrls    : The Class-Path manifest attribute in /home/guistella/.m2/repository/org/glassfish/jaxb/jaxb-runtime/2.3.2/jaxb-runtime-2.3.2.jar referenced one or more files that do not exist: file:/home/guistella/.m2/repository/org/glassfish/jaxb/jaxb-runtime/2.3.2/jakarta.xml.bind-api-2.3.2.jar,file:/home/guistella/.m2/repository/org/glassfish/jaxb/jaxb-runtime/2.3.2/txw2-2.3.2.jar,file:/home/guistella/.m2/repository/org/glassfish/jaxb/jaxb-runtime/2.3.2/istack-commons-runtime-3.0.8.jar,file:/home/guistella/.m2/repository/org/glassfish/jaxb/jaxb-runtime/2.3.2/stax-ex-1.8.1.jar,file:/home/guistella/.m2/repository/org/glassfish/jaxb/jaxb-runtime/2.3.2/FastInfoset-1.2.16.jar,file:/home/guistella/.m2/repository/org/glassfish/jaxb/jaxb-runtime/2.3.2/jakarta.activation-api-1.2.1.jar
2021-09-07 19:33:02.721  INFO 79256 --- [restartedMain] .e.DevToolsPropertyDefaultsPostProcessor : Devtools property defaults active! Set 'spring.devtools.add-properties' to 'false' to disable
2021-09-07 19:33:02.722  INFO 79256 --- [restartedMain] .e.DevToolsPropertyDefaultsPostProcessor : For additional web related logging consider setting the 'logging.level.web' property to 'DEBUG'
2021-09-07 19:33:04.435  INFO 79256 --- [restartedMain] .s.d.r.c.RepositoryConfigurationDelegate : Bootstrapping Spring Data repositories in DEFAULT mode.
2021-09-07 19:33:04.525  INFO 79256 --- [restartedMain] .s.d.r.c.RepositoryConfigurationDelegate : Finished Spring Data repository scanning in 75ms. Found 2 repository interfaces.
2021-09-07 19:33:05.126  INFO 79256 --- [restartedMain] trationDelegate$BeanPostProcessorChecker : Bean 'org.springframework.transaction.annotation.ProxyTransactionManagementConfiguration' of type [org.springframework.transaction.annotation.ProxyTransactionManagementConfiguration] is not eligible for getting processed by all BeanPostProcessors (for example: not eligible for auto-proxying)
2021-09-07 19:33:05.653  INFO 79256 --- [restartedMain] o.s.b.w.embedded.tomcat.TomcatWebServer  : Tomcat initialized with port(s): 8080 (http)
2021-09-07 19:33:05.667  INFO 79256 --- [restartedMain] o.apache.catalina.core.StandardService   : Starting service [Tomcat]
2021-09-07 19:33:05.667  INFO 79256 --- [restartedMain] org.apache.catalina.core.StandardEngine  : Starting Servlet engine: [Apache Tomcat/9.0.27]
2021-09-07 19:33:05.761  INFO 79256 --- [restartedMain] o.a.c.c.C.[Tomcat].[localhost].[/]       : Initializing Spring embedded WebApplicationContext
2021-09-07 19:33:05.761  INFO 79256 --- [restartedMain] o.s.web.context.ContextLoader            : Root WebApplicationContext: initialization completed in 3039 ms
2021-09-07 19:33:06.004  INFO 79256 --- [restartedMain] com.zaxxer.hikari.HikariDataSource       : HikariPool-1 - Starting...
2021-09-07 19:33:06.341  INFO 79256 --- [restartedMain] com.zaxxer.hikari.HikariDataSource       : HikariPool-1 - Start completed.
2021-09-07 19:33:06.350  INFO 79256 --- [restartedMain] o.s.b.a.h2.H2ConsoleAutoConfiguration    : H2 console available at '/h2-console'. Database available at 'jdbc:h2:mem:testdb'
2021-09-07 19:33:06.859  INFO 79256 --- [restartedMain] o.hibernate.jpa.internal.util.LogHelper  : HHH000204: Processing PersistenceUnitInfo [name: default]
2021-09-07 19:33:06.962  INFO 79256 --- [restartedMain] org.hibernate.Version                    : HHH000412: Hibernate Core {5.4.8.Final}
2021-09-07 19:33:07.174  INFO 79256 --- [restartedMain] o.hibernate.annotations.common.Version   : HCANN000001: Hibernate Commons Annotations {5.1.0.Final}
2021-09-07 19:33:07.350  INFO 79256 --- [restartedMain] org.hibernate.dialect.Dialect            : HHH000400: Using dialect: org.hibernate.dialect.H2Dialect
2021-09-07 19:33:08.482  INFO 79256 --- [restartedMain] o.h.e.t.j.p.i.JtaPlatformInitiator       : HHH000490: Using JtaPlatform implementation: [org.hibernate.engine.transaction.jta.platform.internal.NoJtaPlatform]
2021-09-07 19:33:08.489  INFO 79256 --- [restartedMain] j.LocalContainerEntityManagerFactoryBean : Initialized JPA EntityManagerFactory for persistence unit 'default'
2021-09-07 19:33:08.513  INFO 79256 --- [restartedMain] o.s.b.d.a.OptionalLiveReloadServer       : LiveReload server is running on port 35729
2021-09-07 19:33:09.720  WARN 79256 --- [restartedMain] JpaBaseConfiguration$JpaWebConfiguration : spring.jpa.open-in-view is enabled by default. Therefore, database queries may be performed during view rendering. Explicitly configure spring.jpa.open-in-view to disable this warning
2021-09-07 19:33:09.960  INFO 79256 --- [restartedMain] o.s.b.a.e.web.EndpointLinksResolver      : Exposing 14 endpoint(s) beneath base path '/actuator'
2021-09-07 19:33:10.241  INFO 79256 --- [restartedMain] o.s.s.concurrent.ThreadPoolTaskExecutor  : Initializing ExecutorService 'applicationTaskExecutor'
2021-09-07 19:33:10.520  INFO 79256 --- [restartedMain] o.s.s.c.ThreadPoolTaskScheduler          : Initializing ExecutorService 'taskScheduler'
2021-09-07 19:33:10.583  INFO 79256 --- [restartedMain] d.s.w.p.DocumentationPluginsBootstrapper : Context refreshed
2021-09-07 19:33:10.614  INFO 79256 --- [restartedMain] d.s.w.p.DocumentationPluginsBootstrapper : Found 1 custom documentation plugin(s)
2021-09-07 19:33:10.631  INFO 79256 --- [restartedMain] s.d.s.w.s.ApiListingReferenceScanner     : Scanning for api listing references
2021-09-07 19:33:10.955  INFO 79256 --- [restartedMain] .d.s.w.r.o.CachingOperationNameGenerator : Generating unique operation named: getUsingGET_1
2021-09-07 19:33:10.974  INFO 79256 --- [restartedMain] .d.s.w.r.o.CachingOperationNameGenerator : Generating unique operation named: postUsingPOST_1
2021-09-07 19:33:11.034  INFO 79256 --- [restartedMain] o.s.b.w.embedded.tomcat.TomcatWebServer  : Tomcat started on port(s): 8080 (http) with context path ''
2021-09-07 19:33:11.037  INFO 79256 --- [restartedMain] com.gs.api.Application                   : Started Application in 9.045 seconds (JVM running for 9.762)
2021-09-07 19:35:21.554  INFO 79256 --- [SpringContextShutdownHook] o.s.s.c.ThreadPoolTaskScheduler          : Shutting down ExecutorService 'taskScheduler'
2021-09-07 19:35:21.555  INFO 79256 --- [SpringContextShutdownHook] o.s.s.concurrent.ThreadPoolTaskExecutor  : Shutting down ExecutorService 'applicationTaskExecutor'
2021-09-07 19:35:21.560  INFO 79256 --- [SpringContextShutdownHook] j.LocalContainerEntityManagerFactoryBean : Closing JPA EntityManagerFactory for persistence unit 'default'
2021-09-07 19:35:21.561  INFO 79256 --- [SpringContextShutdownHook] .SchemaDropperImpl$DelayedDropActionImpl : HHH000477: Starting delayed evictData of schema as part of SessionFactory shut-down'
2021-09-07 19:35:21.563 ERROR 79256 --- [SpringContextShutdownHook] .SchemaDropperImpl$DelayedDropActionImpl : HHH000478: Unsuccessful: drop table book if exists
2021-09-07 19:35:21.804  WARN 79256 --- [SpringContextShutdownHook] o.s.b.f.support.DisposableBeanAdapter    : Invocation of destroy method failed on bean with name 'inMemoryDatabaseShutdownExecutor': org.h2.jdbc.JdbcSQLNonTransientConnectionException: Database is already closed (to disable automatic closing at VM shutdown, add ";DB_CLOSE_ON_EXIT=FALSE" to the db URL) [90121-200]
2021-09-07 19:35:21.807  INFO 79256 --- [SpringContextShutdownHook] com.zaxxer.hikari.HikariDataSource       : HikariPool-1 - Shutdown initiated...
2021-09-07 19:35:21.830  INFO 79256 --- [SpringContextShutdownHook] com.zaxxer.hikari.HikariDataSource       : HikariPool-1 - Shutdown completed.
2021-09-07 19:35:27.095  INFO 79796 --- [restartedMain] com.gs.api.Application                   : Starting Application on gui-mint with PID 79796 (/home/guistella/Documents/study/java/aula-udemy-rest/target/classes started by guistella in /home/guistella/Documents/study/java/aula-udemy-rest)
2021-09-07 19:35:27.099  INFO 79796 --- [restartedMain] com.gs.api.Application                   : No active profile set, falling back to default profiles: default
2021-09-07 19:35:27.199  INFO 79796 --- [restartedMain] o.s.b.devtools.restart.ChangeableUrls    : The Class-Path manifest attribute in /home/guistella/.m2/repository/org/glassfish/jaxb/jaxb-runtime/2.3.2/jaxb-runtime-2.3.2.jar referenced one or more files that do not exist: file:/home/guistella/.m2/repository/org/glassfish/jaxb/jaxb-runtime/2.3.2/jakarta.xml.bind-api-2.3.2.jar,file:/home/guistella/.m2/repository/org/glassfish/jaxb/jaxb-runtime/2.3.2/txw2-2.3.2.jar,file:/home/guistella/.m2/repository/org/glassfish/jaxb/jaxb-runtime/2.3.2/istack-commons-runtime-3.0.8.jar,file:/home/guistella/.m2/repository/org/glassfish/jaxb/jaxb-runtime/2.3.2/stax-ex-1.8.1.jar,file:/home/guistella/.m2/repository/org/glassfish/jaxb/jaxb-runtime/2.3.2/FastInfoset-1.2.16.jar,file:/home/guistella/.m2/repository/org/glassfish/jaxb/jaxb-runtime/2.3.2/jakarta.activation-api-1.2.1.jar
2021-09-07 19:35:27.200  INFO 79796 --- [restartedMain] .e.DevToolsPropertyDefaultsPostProcessor : Devtools property defaults active! Set 'spring.devtools.add-properties' to 'false' to disable
2021-09-07 19:35:27.201  INFO 79796 --- [restartedMain] .e.DevToolsPropertyDefaultsPostProcessor : For additional web related logging consider setting the 'logging.level.web' property to 'DEBUG'
2021-09-07 19:35:28.844  INFO 79796 --- [restartedMain] .s.d.r.c.RepositoryConfigurationDelegate : Bootstrapping Spring Data repositories in DEFAULT mode.
2021-09-07 19:35:28.944  INFO 79796 --- [restartedMain] .s.d.r.c.RepositoryConfigurationDelegate : Finished Spring Data repository scanning in 73ms. Found 2 repository interfaces.
2021-09-07 19:35:29.521  INFO 79796 --- [restartedMain] trationDelegate$BeanPostProcessorChecker : Bean 'org.springframework.transaction.annotation.ProxyTransactionManagementConfiguration' of type [org.springframework.transaction.annotation.ProxyTransactionManagementConfiguration] is not eligible for getting processed by all BeanPostProcessors (for example: not eligible for auto-proxying)
2021-09-07 19:35:30.089  INFO 79796 --- [restartedMain] o.s.b.w.embedded.tomcat.TomcatWebServer  : Tomcat initialized with port(s): 8080 (http)
2021-09-07 19:35:30.104  INFO 79796 --- [restartedMain] o.apache.catalina.core.StandardService   : Starting service [Tomcat]
2021-09-07 19:35:30.105  INFO 79796 --- [restartedMain] org.apache.catalina.core.StandardEngine  : Starting Servlet engine: [Apache Tomcat/9.0.27]
2021-09-07 19:35:30.198  INFO 79796 --- [restartedMain] o.a.c.c.C.[Tomcat].[localhost].[/]       : Initializing Spring embedded WebApplicationContext
2021-09-07 19:35:30.198  INFO 79796 --- [restartedMain] o.s.web.context.ContextLoader            : Root WebApplicationContext: initialization completed in 2997 ms
2021-09-07 19:35:30.482  INFO 79796 --- [restartedMain] com.zaxxer.hikari.HikariDataSource       : HikariPool-1 - Starting...
2021-09-07 19:35:30.783  INFO 79796 --- [restartedMain] com.zaxxer.hikari.HikariDataSource       : HikariPool-1 - Start completed.
2021-09-07 19:35:30.800  INFO 79796 --- [restartedMain] o.s.b.a.h2.H2ConsoleAutoConfiguration    : H2 console available at '/h2-console'. Database available at 'jdbc:h2:mem:testdb'
2021-09-07 19:35:31.375  INFO 79796 --- [restartedMain] o.hibernate.jpa.internal.util.LogHelper  : HHH000204: Processing PersistenceUnitInfo [name: default]
2021-09-07 19:35:31.476  INFO 79796 --- [restartedMain] org.hibernate.Version                    : HHH000412: Hibernate Core {5.4.8.Final}
2021-09-07 19:35:31.693  INFO 79796 --- [restartedMain] o.hibernate.annotations.common.Version   : HCANN000001: Hibernate Commons Annotations {5.1.0.Final}
2021-09-07 19:35:31.869  INFO 79796 --- [restartedMain] org.hibernate.dialect.Dialect            : HHH000400: Using dialect: org.hibernate.dialect.H2Dialect
2021-09-07 19:35:32.919  INFO 79796 --- [restartedMain] o.h.e.t.j.p.i.JtaPlatformInitiator       : HHH000490: Using JtaPlatform implementation: [org.hibernate.engine.transaction.jta.platform.internal.NoJtaPlatform]
2021-09-07 19:35:32.928  INFO 79796 --- [restartedMain] j.LocalContainerEntityManagerFactoryBean : Initialized JPA EntityManagerFactory for persistence unit 'default'
2021-09-07 19:35:32.968  INFO 79796 --- [restartedMain] o.s.b.d.a.OptionalLiveReloadServer       : LiveReload server is running on port 35729
2021-09-07 19:35:34.332  WARN 79796 --- [restartedMain] JpaBaseConfiguration$JpaWebConfiguration : spring.jpa.open-in-view is enabled by default. Therefore, database queries may be performed during view rendering. Explicitly configure spring.jpa.open-in-view to disable this warning
2021-09-07 19:35:34.520  INFO 79796 --- [restartedMain] o.s.b.a.e.web.EndpointLinksResolver      : Exposing 14 endpoint(s) beneath base path '/actuator'
2021-09-07 19:35:34.757  INFO 79796 --- [restartedMain] o.s.s.concurrent.ThreadPoolTaskExecutor  : Initializing ExecutorService 'applicationTaskExecutor'
2021-09-07 19:35:34.985  INFO 79796 --- [restartedMain] o.s.s.c.ThreadPoolTaskScheduler          : Initializing ExecutorService 'taskScheduler'
2021-09-07 19:35:35.037  INFO 79796 --- [restartedMain] d.s.w.p.DocumentationPluginsBootstrapper : Context refreshed
2021-09-07 19:35:35.068  INFO 79796 --- [restartedMain] d.s.w.p.DocumentationPluginsBootstrapper : Found 1 custom documentation plugin(s)
2021-09-07 19:35:35.090  INFO 79796 --- [restartedMain] s.d.s.w.s.ApiListingReferenceScanner     : Scanning for api listing references
2021-09-07 19:35:35.369  INFO 79796 --- [restartedMain] .d.s.w.r.o.CachingOperationNameGenerator : Generating unique operation named: getUsingGET_1
2021-09-07 19:35:35.390  INFO 79796 --- [restartedMain] .d.s.w.r.o.CachingOperationNameGenerator : Generating unique operation named: postUsingPOST_1
2021-09-07 19:35:35.452  INFO 79796 --- [restartedMain] o.s.b.w.embedded.tomcat.TomcatWebServer  : Tomcat started on port(s): 8080 (http) with context path ''
2021-09-07 19:35:35.455  INFO 79796 --- [restartedMain] com.gs.api.Application                   : Started Application in 8.972 seconds (JVM running for 9.645)
2021-09-07 19:35:52.863  INFO 79796 --- [http-nio-8080-exec-1] o.a.c.c.C.[Tomcat].[localhost].[/]       : Initializing Spring DispatcherServlet 'dispatcherServlet'
2021-09-07 19:35:52.864  INFO 79796 --- [http-nio-8080-exec-1] o.s.web.servlet.DispatcherServlet        : Initializing Servlet 'dispatcherServlet'
2021-09-07 19:35:52.879  INFO 79796 --- [http-nio-8080-exec-1] o.s.web.servlet.DispatcherServlet        : Completed initialization in 14 ms
2021-09-07 19:36:07.426  INFO 79796 --- [http-nio-8080-exec-2] com.gs.api.api.resource.BookController   :  creating a book for isbn: string 
2021-09-07 19:41:59.399  INFO 79796 --- [SpringContextShutdownHook] o.s.s.c.ThreadPoolTaskScheduler          : Shutting down ExecutorService 'taskScheduler'
2021-09-07 19:41:59.400  INFO 79796 --- [SpringContextShutdownHook] o.s.s.concurrent.ThreadPoolTaskExecutor  : Shutting down ExecutorService 'applicationTaskExecutor'
2021-09-07 19:41:59.405  INFO 79796 --- [SpringContextShutdownHook] j.LocalContainerEntityManagerFactoryBean : Closing JPA EntityManagerFactory for persistence unit 'default'
2021-09-07 19:41:59.406  INFO 79796 --- [SpringContextShutdownHook] .SchemaDropperImpl$DelayedDropActionImpl : HHH000477: Starting delayed evictData of schema as part of SessionFactory shut-down'
2021-09-07 19:41:59.408 ERROR 79796 --- [SpringContextShutdownHook] .SchemaDropperImpl$DelayedDropActionImpl : HHH000478: Unsuccessful: drop table book if exists
2021-09-07 19:41:59.639  WARN 79796 --- [SpringContextShutdownHook] o.s.b.f.support.DisposableBeanAdapter    : Invocation of destroy method failed on bean with name 'inMemoryDatabaseShutdownExecutor': org.h2.jdbc.JdbcSQLNonTransientConnectionException: Database is already closed (to disable automatic closing at VM shutdown, add ";DB_CLOSE_ON_EXIT=FALSE" to the db URL) [90121-200]
2021-09-07 19:41:59.640  INFO 79796 --- [SpringContextShutdownHook] com.zaxxer.hikari.HikariDataSource       : HikariPool-1 - Shutdown initiated...
2021-09-07 19:41:59.652  INFO 79796 --- [SpringContextShutdownHook] com.zaxxer.hikari.HikariDataSource       : HikariPool-1 - Shutdown completed.
2021-09-07 19:42:05.475  INFO 81328 --- [restartedMain] com.gs.api.Application                   : Starting Application on gui-mint with PID 81328 (/home/guistella/Documents/study/java/aula-udemy-rest/target/classes started by guistella in /home/guistella/Documents/study/java/aula-udemy-rest)
2021-09-07 19:42:05.477  INFO 81328 --- [restartedMain] com.gs.api.Application                   : No active profile set, falling back to default profiles: default
2021-09-07 19:42:05.525  INFO 81328 --- [restartedMain] o.s.b.devtools.restart.ChangeableUrls    : The Class-Path manifest attribute in /home/guistella/.m2/repository/org/glassfish/jaxb/jaxb-runtime/2.3.2/jaxb-runtime-2.3.2.jar referenced one or more files that do not exist: file:/home/guistella/.m2/repository/org/glassfish/jaxb/jaxb-runtime/2.3.2/jakarta.xml.bind-api-2.3.2.jar,file:/home/guistella/.m2/repository/org/glassfish/jaxb/jaxb-runtime/2.3.2/txw2-2.3.2.jar,file:/home/guistella/.m2/repository/org/glassfish/jaxb/jaxb-runtime/2.3.2/istack-commons-runtime-3.0.8.jar,file:/home/guistella/.m2/repository/org/glassfish/jaxb/jaxb-runtime/2.3.2/stax-ex-1.8.1.jar,file:/home/guistella/.m2/repository/org/glassfish/jaxb/jaxb-runtime/2.3.2/FastInfoset-1.2.16.jar,file:/home/guistella/.m2/repository/org/glassfish/jaxb/jaxb-runtime/2.3.2/jakarta.activation-api-1.2.1.jar
2021-09-07 19:42:05.525  INFO 81328 --- [restartedMain] .e.DevToolsPropertyDefaultsPostProcessor : Devtools property defaults active! Set 'spring.devtools.add-properties' to 'false' to disable
2021-09-07 19:42:05.525  INFO 81328 --- [restartedMain] .e.DevToolsPropertyDefaultsPostProcessor : For additional web related logging consider setting the 'logging.level.web' property to 'DEBUG'
2021-09-07 19:42:06.647  INFO 81328 --- [restartedMain] .s.d.r.c.RepositoryConfigurationDelegate : Bootstrapping Spring Data repositories in DEFAULT mode.
2021-09-07 19:42:06.714  INFO 81328 --- [restartedMain] .s.d.r.c.RepositoryConfigurationDelegate : Finished Spring Data repository scanning in 57ms. Found 2 repository interfaces.
2021-09-07 19:42:07.108  INFO 81328 --- [restartedMain] trationDelegate$BeanPostProcessorChecker : Bean 'org.springframework.transaction.annotation.ProxyTransactionManagementConfiguration' of type [org.springframework.transaction.annotation.ProxyTransactionManagementConfiguration] is not eligible for getting processed by all BeanPostProcessors (for example: not eligible for auto-proxying)
2021-09-07 19:42:07.462  INFO 81328 --- [restartedMain] o.s.b.w.embedded.tomcat.TomcatWebServer  : Tomcat initialized with port(s): 8080 (http)
2021-09-07 19:42:07.472  INFO 81328 --- [restartedMain] o.apache.catalina.core.StandardService   : Starting service [Tomcat]
2021-09-07 19:42:07.472  INFO 81328 --- [restartedMain] org.apache.catalina.core.StandardEngine  : Starting Servlet engine: [Apache Tomcat/9.0.27]
2021-09-07 19:42:07.531  INFO 81328 --- [restartedMain] o.a.c.c.C.[Tomcat].[localhost].[/]       : Initializing Spring embedded WebApplicationContext
2021-09-07 19:42:07.531  INFO 81328 --- [restartedMain] o.s.web.context.ContextLoader            : Root WebApplicationContext: initialization completed in 2006 ms
2021-09-07 19:42:07.640  INFO 81328 --- [restartedMain] com.zaxxer.hikari.HikariDataSource       : HikariPool-1 - Starting...
2021-09-07 19:42:07.803  INFO 81328 --- [restartedMain] com.zaxxer.hikari.HikariDataSource       : HikariPool-1 - Start completed.
2021-09-07 19:42:07.809  INFO 81328 --- [restartedMain] o.s.b.a.h2.H2ConsoleAutoConfiguration    : H2 console available at '/h2-console'. Database available at 'jdbc:h2:mem:testdb'
2021-09-07 19:42:08.018  INFO 81328 --- [restartedMain] o.s.b.a.e.web.ServletEndpointRegistrar   : Registered '/actuator/jolokia' to jolokia-actuator-endpoint
2021-09-07 19:42:08.141  INFO 81328 --- [restartedMain] o.hibernate.jpa.internal.util.LogHelper  : HHH000204: Processing PersistenceUnitInfo [name: default]
2021-09-07 19:42:08.202  INFO 81328 --- [restartedMain] org.hibernate.Version                    : HHH000412: Hibernate Core {5.4.8.Final}
2021-09-07 19:42:08.334  INFO 81328 --- [restartedMain] o.hibernate.annotations.common.Version   : HCANN000001: Hibernate Commons Annotations {5.1.0.Final}
2021-09-07 19:42:08.515  INFO 81328 --- [restartedMain] org.hibernate.dialect.Dialect            : HHH000400: Using dialect: org.hibernate.dialect.H2Dialect
2021-09-07 19:42:09.340  INFO 81328 --- [restartedMain] o.h.e.t.j.p.i.JtaPlatformInitiator       : HHH000490: Using JtaPlatform implementation: [org.hibernate.engine.transaction.jta.platform.internal.NoJtaPlatform]
2021-09-07 19:42:09.366  INFO 81328 --- [restartedMain] j.LocalContainerEntityManagerFactoryBean : Initialized JPA EntityManagerFactory for persistence unit 'default'
2021-09-07 19:42:09.393  INFO 81328 --- [restartedMain] o.s.b.d.a.OptionalLiveReloadServer       : LiveReload server is running on port 35729
2021-09-07 19:42:10.667  WARN 81328 --- [restartedMain] JpaBaseConfiguration$JpaWebConfiguration : spring.jpa.open-in-view is enabled by default. Therefore, database queries may be performed during view rendering. Explicitly configure spring.jpa.open-in-view to disable this warning
2021-09-07 19:42:10.862  INFO 81328 --- [restartedMain] o.s.b.a.e.web.EndpointLinksResolver      : Exposing 15 endpoint(s) beneath base path '/actuator'
2021-09-07 19:42:11.134  INFO 81328 --- [restartedMain] o.s.s.concurrent.ThreadPoolTaskExecutor  : Initializing ExecutorService 'applicationTaskExecutor'
2021-09-07 19:42:11.335  INFO 81328 --- [restartedMain] o.s.s.c.ThreadPoolTaskScheduler          : Initializing ExecutorService
2021-09-07 19:42:11.418  INFO 81328 --- [restartedMain] o.s.s.c.ThreadPoolTaskScheduler          : Initializing ExecutorService 'taskScheduler'
2021-09-07 19:42:11.474  INFO 81328 --- [restartedMain] d.s.w.p.DocumentationPluginsBootstrapper : Context refreshed
2021-09-07 19:42:11.524  INFO 81328 --- [restartedMain] d.s.w.p.DocumentationPluginsBootstrapper : Found 1 custom documentation plugin(s)
2021-09-07 19:42:11.548  INFO 81328 --- [restartedMain] s.d.s.w.s.ApiListingReferenceScanner     : Scanning for api listing references
2021-09-07 19:42:11.976  INFO 81328 --- [restartedMain] .d.s.w.r.o.CachingOperationNameGenerator : Generating unique operation named: getUsingGET_1
2021-09-07 19:42:11.988  INFO 81328 --- [restartedMain] .d.s.w.r.o.CachingOperationNameGenerator : Generating unique operation named: postUsingPOST_1
2021-09-07 19:42:12.053  INFO 81328 --- [restartedMain] o.s.b.w.embedded.tomcat.TomcatWebServer  : Tomcat started on port(s): 8080 (http) with context path ''
2021-09-07 19:42:12.056  INFO 81328 --- [restartedMain] com.gs.api.Application                   : Started Application in 6.964 seconds (JVM running for 7.399)
2021-09-07 19:42:12.212  WARN 81328 --- [registrationTask1] d.c.b.a.c.r.ApplicationRegistrator       : Failed to register application as Application(name=spring-boot-application, managementUrl=http://gui-mint:8080/actuator, healthUrl=http://gui-mint:8080/actuator/health, serviceUrl=http://gui-mint:8080/) at spring-boot-admin ([http://localhost:8081//instances]): I/O error on POST request for "http://localhost:8081/instances": Connection refused (Connection refused); nested exception is java.net.ConnectException: Connection refused (Connection refused). Further attempts are logged on DEBUG level
2021-09-07 19:43:15.011  INFO 81328 --- [SpringContextShutdownHook] o.s.s.c.ThreadPoolTaskScheduler          : Shutting down ExecutorService 'taskScheduler'
2021-09-07 19:43:15.012  INFO 81328 --- [SpringContextShutdownHook] o.s.s.c.ThreadPoolTaskScheduler          : Shutting down ExecutorService
2021-09-07 19:43:15.012  INFO 81328 --- [SpringContextShutdownHook] o.s.s.concurrent.ThreadPoolTaskExecutor  : Shutting down ExecutorService 'applicationTaskExecutor'
2021-09-07 19:43:15.016  INFO 81328 --- [SpringContextShutdownHook] j.LocalContainerEntityManagerFactoryBean : Closing JPA EntityManagerFactory for persistence unit 'default'
2021-09-07 19:43:15.017  INFO 81328 --- [SpringContextShutdownHook] .SchemaDropperImpl$DelayedDropActionImpl : HHH000477: Starting delayed evictData of schema as part of SessionFactory shut-down'
2021-09-07 19:43:15.019 ERROR 81328 --- [SpringContextShutdownHook] .SchemaDropperImpl$DelayedDropActionImpl : HHH000478: Unsuccessful: drop table book if exists
2021-09-07 19:43:15.239  WARN 81328 --- [SpringContextShutdownHook] o.s.b.f.support.DisposableBeanAdapter    : Invocation of destroy method failed on bean with name 'inMemoryDatabaseShutdownExecutor': org.h2.jdbc.JdbcSQLNonTransientConnectionException: Database is already closed (to disable automatic closing at VM shutdown, add ";DB_CLOSE_ON_EXIT=FALSE" to the db URL) [90121-200]
2021-09-07 19:43:15.240  INFO 81328 --- [SpringContextShutdownHook] com.zaxxer.hikari.HikariDataSource       : HikariPool-1 - Shutdown initiated...
2021-09-07 19:43:15.242  INFO 81328 --- [SpringContextShutdownHook] com.zaxxer.hikari.HikariDataSource       : HikariPool-1 - Shutdown completed.
2021-09-07 19:43:17.454  INFO 81687 --- [restartedMain] com.gs.api.Application                   : Starting Application on gui-mint with PID 81687 (/home/guistella/Documents/study/java/aula-udemy-rest/target/classes started by guistella in /home/guistella/Documents/study/java/aula-udemy-rest)
2021-09-07 19:43:17.456  INFO 81687 --- [restartedMain] com.gs.api.Application                   : No active profile set, falling back to default profiles: default
2021-09-07 19:43:17.508  INFO 81687 --- [restartedMain] o.s.b.devtools.restart.ChangeableUrls    : The Class-Path manifest attribute in /home/guistella/.m2/repository/org/glassfish/jaxb/jaxb-runtime/2.3.2/jaxb-runtime-2.3.2.jar referenced one or more files that do not exist: file:/home/guistella/.m2/repository/org/glassfish/jaxb/jaxb-runtime/2.3.2/jakarta.xml.bind-api-2.3.2.jar,file:/home/guistella/.m2/repository/org/glassfish/jaxb/jaxb-runtime/2.3.2/txw2-2.3.2.jar,file:/home/guistella/.m2/repository/org/glassfish/jaxb/jaxb-runtime/2.3.2/istack-commons-runtime-3.0.8.jar,file:/home/guistella/.m2/repository/org/glassfish/jaxb/jaxb-runtime/2.3.2/stax-ex-1.8.1.jar,file:/home/guistella/.m2/repository/org/glassfish/jaxb/jaxb-runtime/2.3.2/FastInfoset-1.2.16.jar,file:/home/guistella/.m2/repository/org/glassfish/jaxb/jaxb-runtime/2.3.2/jakarta.activation-api-1.2.1.jar
2021-09-07 19:43:17.509  INFO 81687 --- [restartedMain] .e.DevToolsPropertyDefaultsPostProcessor : Devtools property defaults active! Set 'spring.devtools.add-properties' to 'false' to disable
2021-09-07 19:43:17.509  INFO 81687 --- [restartedMain] .e.DevToolsPropertyDefaultsPostProcessor : For additional web related logging consider setting the 'logging.level.web' property to 'DEBUG'
2021-09-07 19:43:18.601  INFO 81687 --- [restartedMain] .s.d.r.c.RepositoryConfigurationDelegate : Bootstrapping Spring Data repositories in DEFAULT mode.
2021-09-07 19:43:18.668  INFO 81687 --- [restartedMain] .s.d.r.c.RepositoryConfigurationDelegate : Finished Spring Data repository scanning in 59ms. Found 2 repository interfaces.
2021-09-07 19:43:19.021  INFO 81687 --- [restartedMain] trationDelegate$BeanPostProcessorChecker : Bean 'org.springframework.transaction.annotation.ProxyTransactionManagementConfiguration' of type [org.springframework.transaction.annotation.ProxyTransactionManagementConfiguration] is not eligible for getting processed by all BeanPostProcessors (for example: not eligible for auto-proxying)
2021-09-07 19:43:19.348  INFO 81687 --- [restartedMain] o.s.b.w.embedded.tomcat.TomcatWebServer  : Tomcat initialized with port(s): 8080 (http)
2021-09-07 19:43:19.357  INFO 81687 --- [restartedMain] o.apache.catalina.core.StandardService   : Starting service [Tomcat]
2021-09-07 19:43:19.357  INFO 81687 --- [restartedMain] org.apache.catalina.core.StandardEngine  : Starting Servlet engine: [Apache Tomcat/9.0.27]
2021-09-07 19:43:19.416  INFO 81687 --- [restartedMain] o.a.c.c.C.[Tomcat].[localhost].[/]       : Initializing Spring embedded WebApplicationContext
2021-09-07 19:43:19.417  INFO 81687 --- [restartedMain] o.s.web.context.ContextLoader            : Root WebApplicationContext: initialization completed in 1908 ms
2021-09-07 19:43:19.528  INFO 81687 --- [restartedMain] com.zaxxer.hikari.HikariDataSource       : HikariPool-1 - Starting...
2021-09-07 19:43:19.691  INFO 81687 --- [restartedMain] com.zaxxer.hikari.HikariDataSource       : HikariPool-1 - Start completed.
2021-09-07 19:43:19.698  INFO 81687 --- [restartedMain] o.s.b.a.h2.H2ConsoleAutoConfiguration    : H2 console available at '/h2-console'. Database available at 'jdbc:h2:mem:testdb'
2021-09-07 19:43:19.889  INFO 81687 --- [restartedMain] o.s.b.a.e.web.ServletEndpointRegistrar   : Registered '/actuator/jolokia' to jolokia-actuator-endpoint
2021-09-07 19:43:19.995  INFO 81687 --- [restartedMain] o.hibernate.jpa.internal.util.LogHelper  : HHH000204: Processing PersistenceUnitInfo [name: default]
2021-09-07 19:43:20.050  INFO 81687 --- [restartedMain] org.hibernate.Version                    : HHH000412: Hibernate Core {5.4.8.Final}
2021-09-07 19:43:20.158  INFO 81687 --- [restartedMain] o.hibernate.annotations.common.Version   : HCANN000001: Hibernate Commons Annotations {5.1.0.Final}
2021-09-07 19:43:20.278  INFO 81687 --- [restartedMain] org.hibernate.dialect.Dialect            : HHH000400: Using dialect: org.hibernate.dialect.H2Dialect
2021-09-07 19:43:20.969  INFO 81687 --- [restartedMain] o.h.e.t.j.p.i.JtaPlatformInitiator       : HHH000490: Using JtaPlatform implementation: [org.hibernate.engine.transaction.jta.platform.internal.NoJtaPlatform]
2021-09-07 19:43:20.975  INFO 81687 --- [restartedMain] j.LocalContainerEntityManagerFactoryBean : Initialized JPA EntityManagerFactory for persistence unit 'default'
2021-09-07 19:43:20.991  INFO 81687 --- [restartedMain] o.s.b.d.a.OptionalLiveReloadServer       : LiveReload server is running on port 35729
2021-09-07 19:43:21.806  WARN 81687 --- [restartedMain] JpaBaseConfiguration$JpaWebConfiguration : spring.jpa.open-in-view is enabled by default. Therefore, database queries may be performed during view rendering. Explicitly configure spring.jpa.open-in-view to disable this warning
2021-09-07 19:43:21.927  INFO 81687 --- [restartedMain] o.s.b.a.e.web.EndpointLinksResolver      : Exposing 15 endpoint(s) beneath base path '/actuator'
2021-09-07 19:43:22.070  INFO 81687 --- [restartedMain] o.s.s.concurrent.ThreadPoolTaskExecutor  : Initializing ExecutorService 'applicationTaskExecutor'
2021-09-07 19:43:22.212  INFO 81687 --- [restartedMain] o.s.s.c.ThreadPoolTaskScheduler          : Initializing ExecutorService 'taskScheduler'
2021-09-07 19:43:22.240  INFO 81687 --- [restartedMain] d.s.w.p.DocumentationPluginsBootstrapper : Context refreshed
2021-09-07 19:43:22.255  INFO 81687 --- [restartedMain] d.s.w.p.DocumentationPluginsBootstrapper : Found 1 custom documentation plugin(s)
2021-09-07 19:43:22.266  INFO 81687 --- [restartedMain] s.d.s.w.s.ApiListingReferenceScanner     : Scanning for api listing references
2021-09-07 19:43:22.444  INFO 81687 --- [restartedMain] .d.s.w.r.o.CachingOperationNameGenerator : Generating unique operation named: getUsingGET_1
2021-09-07 19:43:22.453  INFO 81687 --- [restartedMain] .d.s.w.r.o.CachingOperationNameGenerator : Generating unique operation named: postUsingPOST_1
2021-09-07 19:43:22.497  INFO 81687 --- [restartedMain] o.s.b.w.embedded.tomcat.TomcatWebServer  : Tomcat started on port(s): 8080 (http) with context path ''
2021-09-07 19:43:22.499  INFO 81687 --- [restartedMain] com.gs.api.Application                   : Started Application in 5.415 seconds (JVM running for 5.842)
2021-09-07 19:43:40.383  INFO 81687 --- [SpringContextShutdownHook] o.s.s.c.ThreadPoolTaskScheduler          : Shutting down ExecutorService 'taskScheduler'
2021-09-07 19:43:40.385  INFO 81687 --- [SpringContextShutdownHook] o.s.s.concurrent.ThreadPoolTaskExecutor  : Shutting down ExecutorService 'applicationTaskExecutor'
2021-09-07 19:43:40.390  INFO 81687 --- [SpringContextShutdownHook] j.LocalContainerEntityManagerFactoryBean : Closing JPA EntityManagerFactory for persistence unit 'default'
2021-09-07 19:43:40.390  INFO 81687 --- [SpringContextShutdownHook] .SchemaDropperImpl$DelayedDropActionImpl : HHH000477: Starting delayed evictData of schema as part of SessionFactory shut-down'
2021-09-07 19:43:40.393 ERROR 81687 --- [SpringContextShutdownHook] .SchemaDropperImpl$DelayedDropActionImpl : HHH000478: Unsuccessful: drop table book if exists
2021-09-07 19:43:40.639  WARN 81687 --- [SpringContextShutdownHook] o.s.b.f.support.DisposableBeanAdapter    : Invocation of destroy method failed on bean with name 'inMemoryDatabaseShutdownExecutor': org.h2.jdbc.JdbcSQLNonTransientConnectionException: Database is already closed (to disable automatic closing at VM shutdown, add ";DB_CLOSE_ON_EXIT=FALSE" to the db URL) [90121-200]
2021-09-07 19:43:40.641  INFO 81687 --- [SpringContextShutdownHook] com.zaxxer.hikari.HikariDataSource       : HikariPool-1 - Shutdown initiated...
2021-09-07 19:43:40.647  INFO 81687 --- [SpringContextShutdownHook] com.zaxxer.hikari.HikariDataSource       : HikariPool-1 - Shutdown completed.
2021-09-07 19:43:42.791  INFO 81833 --- [restartedMain] com.gs.api.Application                   : Starting Application on gui-mint with PID 81833 (/home/guistella/Documents/study/java/aula-udemy-rest/target/classes started by guistella in /home/guistella/Documents/study/java/aula-udemy-rest)
2021-09-07 19:43:42.795  INFO 81833 --- [restartedMain] com.gs.api.Application                   : No active profile set, falling back to default profiles: default
2021-09-07 19:43:42.846  INFO 81833 --- [restartedMain] o.s.b.devtools.restart.ChangeableUrls    : The Class-Path manifest attribute in /home/guistella/.m2/repository/org/glassfish/jaxb/jaxb-runtime/2.3.2/jaxb-runtime-2.3.2.jar referenced one or more files that do not exist: file:/home/guistella/.m2/repository/org/glassfish/jaxb/jaxb-runtime/2.3.2/jakarta.xml.bind-api-2.3.2.jar,file:/home/guistella/.m2/repository/org/glassfish/jaxb/jaxb-runtime/2.3.2/txw2-2.3.2.jar,file:/home/guistella/.m2/repository/org/glassfish/jaxb/jaxb-runtime/2.3.2/istack-commons-runtime-3.0.8.jar,file:/home/guistella/.m2/repository/org/glassfish/jaxb/jaxb-runtime/2.3.2/stax-ex-1.8.1.jar,file:/home/guistella/.m2/repository/org/glassfish/jaxb/jaxb-runtime/2.3.2/FastInfoset-1.2.16.jar,file:/home/guistella/.m2/repository/org/glassfish/jaxb/jaxb-runtime/2.3.2/jakarta.activation-api-1.2.1.jar
2021-09-07 19:43:42.847  INFO 81833 --- [restartedMain] .e.DevToolsPropertyDefaultsPostProcessor : Devtools property defaults active! Set 'spring.devtools.add-properties' to 'false' to disable
2021-09-07 19:43:42.847  INFO 81833 --- [restartedMain] .e.DevToolsPropertyDefaultsPostProcessor : For additional web related logging consider setting the 'logging.level.web' property to 'DEBUG'
2021-09-07 19:43:43.991  INFO 81833 --- [restartedMain] .s.d.r.c.RepositoryConfigurationDelegate : Bootstrapping Spring Data repositories in DEFAULT mode.
2021-09-07 19:43:44.053  INFO 81833 --- [restartedMain] .s.d.r.c.RepositoryConfigurationDelegate : Finished Spring Data repository scanning in 53ms. Found 2 repository interfaces.
2021-09-07 19:43:44.434  INFO 81833 --- [restartedMain] trationDelegate$BeanPostProcessorChecker : Bean 'org.springframework.transaction.annotation.ProxyTransactionManagementConfiguration' of type [org.springframework.transaction.annotation.ProxyTransactionManagementConfiguration] is not eligible for getting processed by all BeanPostProcessors (for example: not eligible for auto-proxying)
2021-09-07 19:43:44.761  INFO 81833 --- [restartedMain] o.s.b.w.embedded.tomcat.TomcatWebServer  : Tomcat initialized with port(s): 8080 (http)
2021-09-07 19:43:44.770  INFO 81833 --- [restartedMain] o.apache.catalina.core.StandardService   : Starting service [Tomcat]
2021-09-07 19:43:44.771  INFO 81833 --- [restartedMain] org.apache.catalina.core.StandardEngine  : Starting Servlet engine: [Apache Tomcat/9.0.27]
2021-09-07 19:43:44.830  INFO 81833 --- [restartedMain] o.a.c.c.C.[Tomcat].[localhost].[/]       : Initializing Spring embedded WebApplicationContext
2021-09-07 19:43:44.830  INFO 81833 --- [restartedMain] o.s.web.context.ContextLoader            : Root WebApplicationContext: initialization completed in 1983 ms
2021-09-07 19:43:44.943  INFO 81833 --- [restartedMain] com.zaxxer.hikari.HikariDataSource       : HikariPool-1 - Starting...
2021-09-07 19:43:45.107  INFO 81833 --- [restartedMain] com.zaxxer.hikari.HikariDataSource       : HikariPool-1 - Start completed.
2021-09-07 19:43:45.113  INFO 81833 --- [restartedMain] o.s.b.a.h2.H2ConsoleAutoConfiguration    : H2 console available at '/h2-console'. Database available at 'jdbc:h2:mem:testdb'
2021-09-07 19:43:45.311  INFO 81833 --- [restartedMain] o.s.b.a.e.web.ServletEndpointRegistrar   : Registered '/actuator/jolokia' to jolokia-actuator-endpoint
2021-09-07 19:43:45.418  INFO 81833 --- [restartedMain] o.hibernate.jpa.internal.util.LogHelper  : HHH000204: Processing PersistenceUnitInfo [name: default]
2021-09-07 19:43:45.476  INFO 81833 --- [restartedMain] org.hibernate.Version                    : HHH000412: Hibernate Core {5.4.8.Final}
2021-09-07 19:43:45.588  INFO 81833 --- [restartedMain] o.hibernate.annotations.common.Version   : HCANN000001: Hibernate Commons Annotations {5.1.0.Final}
2021-09-07 19:43:45.690  INFO 81833 --- [restartedMain] org.hibernate.dialect.Dialect            : HHH000400: Using dialect: org.hibernate.dialect.H2Dialect
2021-09-07 19:43:46.405  INFO 81833 --- [restartedMain] o.h.e.t.j.p.i.JtaPlatformInitiator       : HHH000490: Using JtaPlatform implementation: [org.hibernate.engine.transaction.jta.platform.internal.NoJtaPlatform]
2021-09-07 19:43:46.411  INFO 81833 --- [restartedMain] j.LocalContainerEntityManagerFactoryBean : Initialized JPA EntityManagerFactory for persistence unit 'default'
2021-09-07 19:43:46.426  INFO 81833 --- [restartedMain] o.s.b.d.a.OptionalLiveReloadServer       : LiveReload server is running on port 35729
2021-09-07 19:43:47.211  WARN 81833 --- [restartedMain] JpaBaseConfiguration$JpaWebConfiguration : spring.jpa.open-in-view is enabled by default. Therefore, database queries may be performed during view rendering. Explicitly configure spring.jpa.open-in-view to disable this warning
2021-09-07 19:43:47.327  INFO 81833 --- [restartedMain] o.s.b.a.e.web.EndpointLinksResolver      : Exposing 15 endpoint(s) beneath base path '/actuator'
2021-09-07 19:43:47.461  INFO 81833 --- [restartedMain] o.s.s.concurrent.ThreadPoolTaskExecutor  : Initializing ExecutorService 'applicationTaskExecutor'
2021-09-07 19:43:47.578  INFO 81833 --- [restartedMain] o.s.s.c.ThreadPoolTaskScheduler          : Initializing ExecutorService
2021-09-07 19:43:47.628  INFO 81833 --- [restartedMain] o.s.s.c.ThreadPoolTaskScheduler          : Initializing ExecutorService 'taskScheduler'
2021-09-07 19:43:47.659  INFO 81833 --- [restartedMain] d.s.w.p.DocumentationPluginsBootstrapper : Context refreshed
2021-09-07 19:43:47.681  INFO 81833 --- [restartedMain] d.s.w.p.DocumentationPluginsBootstrapper : Found 1 custom documentation plugin(s)
2021-09-07 19:43:47.692  INFO 81833 --- [restartedMain] s.d.s.w.s.ApiListingReferenceScanner     : Scanning for api listing references
2021-09-07 19:43:47.861  INFO 81833 --- [restartedMain] .d.s.w.r.o.CachingOperationNameGenerator : Generating unique operation named: getUsingGET_1
2021-09-07 19:43:47.869  INFO 81833 --- [restartedMain] .d.s.w.r.o.CachingOperationNameGenerator : Generating unique operation named: postUsingPOST_1
2021-09-07 19:43:47.908  INFO 81833 --- [restartedMain] o.s.b.w.embedded.tomcat.TomcatWebServer  : Tomcat started on port(s): 8080 (http) with context path ''
2021-09-07 19:43:47.909  INFO 81833 --- [restartedMain] com.gs.api.Application                   : Started Application in 5.509 seconds (JVM running for 5.932)
2021-09-07 19:43:47.999  WARN 81833 --- [registrationTask1] d.c.b.a.c.r.ApplicationRegistrator       : Failed to register application as Application(name=spring-boot-application, managementUrl=http://gui-mint:8080/actuator, healthUrl=http://gui-mint:8080/actuator/health, serviceUrl=http://gui-mint:8080/) at spring-boot-admin ([http://localhost:8081//instances]): I/O error on POST request for "http://localhost:8081/instances": Connection refused (Connection refused); nested exception is java.net.ConnectException: Connection refused (Connection refused). Further attempts are logged on DEBUG level
2021-09-07 19:44:10.258  INFO 81833 --- [SpringContextShutdownHook] o.s.s.c.ThreadPoolTaskScheduler          : Shutting down ExecutorService 'taskScheduler'
2021-09-07 19:44:10.260  INFO 81833 --- [SpringContextShutdownHook] o.s.s.c.ThreadPoolTaskScheduler          : Shutting down ExecutorService
2021-09-07 19:44:10.261  INFO 81833 --- [SpringContextShutdownHook] o.s.s.concurrent.ThreadPoolTaskExecutor  : Shutting down ExecutorService 'applicationTaskExecutor'
2021-09-07 19:44:10.264  INFO 81833 --- [SpringContextShutdownHook] j.LocalContainerEntityManagerFactoryBean : Closing JPA EntityManagerFactory for persistence unit 'default'
2021-09-07 19:44:10.265  INFO 81833 --- [SpringContextShutdownHook] .SchemaDropperImpl$DelayedDropActionImpl : HHH000477: Starting delayed evictData of schema as part of SessionFactory shut-down'
2021-09-07 19:44:10.267 ERROR 81833 --- [SpringContextShutdownHook] .SchemaDropperImpl$DelayedDropActionImpl : HHH000478: Unsuccessful: drop table book if exists
2021-09-07 19:44:10.490  WARN 81833 --- [SpringContextShutdownHook] o.s.b.f.support.DisposableBeanAdapter    : Invocation of destroy method failed on bean with name 'inMemoryDatabaseShutdownExecutor': org.h2.jdbc.JdbcSQLNonTransientConnectionException: Database is already closed (to disable automatic closing at VM shutdown, add ";DB_CLOSE_ON_EXIT=FALSE" to the db URL) [90121-200]
2021-09-07 19:44:10.492  INFO 81833 --- [SpringContextShutdownHook] com.zaxxer.hikari.HikariDataSource       : HikariPool-1 - Shutdown initiated...
2021-09-07 19:44:10.498  INFO 81833 --- [SpringContextShutdownHook] com.zaxxer.hikari.HikariDataSource       : HikariPool-1 - Shutdown completed.
2021-09-07 19:44:12.708  INFO 82017 --- [restartedMain] com.gs.api.Application                   : Starting Application on gui-mint with PID 82017 (/home/guistella/Documents/study/java/aula-udemy-rest/target/classes started by guistella in /home/guistella/Documents/study/java/aula-udemy-rest)
2021-09-07 19:44:12.711  INFO 82017 --- [restartedMain] com.gs.api.Application                   : No active profile set, falling back to default profiles: default
2021-09-07 19:44:12.759  INFO 82017 --- [restartedMain] o.s.b.devtools.restart.ChangeableUrls    : The Class-Path manifest attribute in /home/guistella/.m2/repository/org/glassfish/jaxb/jaxb-runtime/2.3.2/jaxb-runtime-2.3.2.jar referenced one or more files that do not exist: file:/home/guistella/.m2/repository/org/glassfish/jaxb/jaxb-runtime/2.3.2/jakarta.xml.bind-api-2.3.2.jar,file:/home/guistella/.m2/repository/org/glassfish/jaxb/jaxb-runtime/2.3.2/txw2-2.3.2.jar,file:/home/guistella/.m2/repository/org/glassfish/jaxb/jaxb-runtime/2.3.2/istack-commons-runtime-3.0.8.jar,file:/home/guistella/.m2/repository/org/glassfish/jaxb/jaxb-runtime/2.3.2/stax-ex-1.8.1.jar,file:/home/guistella/.m2/repository/org/glassfish/jaxb/jaxb-runtime/2.3.2/FastInfoset-1.2.16.jar,file:/home/guistella/.m2/repository/org/glassfish/jaxb/jaxb-runtime/2.3.2/jakarta.activation-api-1.2.1.jar
2021-09-07 19:44:12.759  INFO 82017 --- [restartedMain] .e.DevToolsPropertyDefaultsPostProcessor : Devtools property defaults active! Set 'spring.devtools.add-properties' to 'false' to disable
2021-09-07 19:44:12.759  INFO 82017 --- [restartedMain] .e.DevToolsPropertyDefaultsPostProcessor : For additional web related logging consider setting the 'logging.level.web' property to 'DEBUG'
2021-09-07 19:44:13.907  INFO 82017 --- [restartedMain] .s.d.r.c.RepositoryConfigurationDelegate : Bootstrapping Spring Data repositories in DEFAULT mode.
2021-09-07 19:44:13.977  INFO 82017 --- [restartedMain] .s.d.r.c.RepositoryConfigurationDelegate : Finished Spring Data repository scanning in 60ms. Found 2 repository interfaces.
2021-09-07 19:44:14.389  INFO 82017 --- [restartedMain] trationDelegate$BeanPostProcessorChecker : Bean 'org.springframework.transaction.annotation.ProxyTransactionManagementConfiguration' of type [org.springframework.transaction.annotation.ProxyTransactionManagementConfiguration] is not eligible for getting processed by all BeanPostProcessors (for example: not eligible for auto-proxying)
2021-09-07 19:44:14.761  INFO 82017 --- [restartedMain] o.s.b.w.embedded.tomcat.TomcatWebServer  : Tomcat initialized with port(s): 8080 (http)
2021-09-07 19:44:14.771  INFO 82017 --- [restartedMain] o.apache.catalina.core.StandardService   : Starting service [Tomcat]
2021-09-07 19:44:14.772  INFO 82017 --- [restartedMain] org.apache.catalina.core.StandardEngine  : Starting Servlet engine: [Apache Tomcat/9.0.27]
2021-09-07 19:44:14.835  INFO 82017 --- [restartedMain] o.a.c.c.C.[Tomcat].[localhost].[/]       : Initializing Spring embedded WebApplicationContext
2021-09-07 19:44:14.835  INFO 82017 --- [restartedMain] o.s.web.context.ContextLoader            : Root WebApplicationContext: initialization completed in 2076 ms
2021-09-07 19:44:14.944  INFO 82017 --- [restartedMain] com.zaxxer.hikari.HikariDataSource       : HikariPool-1 - Starting...
2021-09-07 19:44:15.115  INFO 82017 --- [restartedMain] com.zaxxer.hikari.HikariDataSource       : HikariPool-1 - Start completed.
2021-09-07 19:44:15.121  INFO 82017 --- [restartedMain] o.s.b.a.h2.H2ConsoleAutoConfiguration    : H2 console available at '/h2-console'. Database available at 'jdbc:h2:mem:testdb'
2021-09-07 19:44:15.340  INFO 82017 --- [restartedMain] o.s.b.a.e.web.ServletEndpointRegistrar   : Registered '/actuator/jolokia' to jolokia-actuator-endpoint
2021-09-07 19:44:15.451  INFO 82017 --- [restartedMain] o.hibernate.jpa.internal.util.LogHelper  : HHH000204: Processing PersistenceUnitInfo [name: default]
2021-09-07 19:44:15.513  INFO 82017 --- [restartedMain] org.hibernate.Version                    : HHH000412: Hibernate Core {5.4.8.Final}
2021-09-07 19:44:15.636  INFO 82017 --- [restartedMain] o.hibernate.annotations.common.Version   : HCANN000001: Hibernate Commons Annotations {5.1.0.Final}
2021-09-07 19:44:15.742  INFO 82017 --- [restartedMain] org.hibernate.dialect.Dialect            : HHH000400: Using dialect: org.hibernate.dialect.H2Dialect
2021-09-07 19:44:16.452  INFO 82017 --- [restartedMain] o.h.e.t.j.p.i.JtaPlatformInitiator       : HHH000490: Using JtaPlatform implementation: [org.hibernate.engine.transaction.jta.platform.internal.NoJtaPlatform]
2021-09-07 19:44:16.458  INFO 82017 --- [restartedMain] j.LocalContainerEntityManagerFactoryBean : Initialized JPA EntityManagerFactory for persistence unit 'default'
2021-09-07 19:44:16.470  INFO 82017 --- [restartedMain] o.s.b.d.a.OptionalLiveReloadServer       : LiveReload server is running on port 35729
2021-09-07 19:44:17.322  WARN 82017 --- [restartedMain] JpaBaseConfiguration$JpaWebConfiguration : spring.jpa.open-in-view is enabled by default. Therefore, database queries may be performed during view rendering. Explicitly configure spring.jpa.open-in-view to disable this warning
2021-09-07 19:44:17.443  INFO 82017 --- [restartedMain] o.s.b.a.e.web.EndpointLinksResolver      : Exposing 15 endpoint(s) beneath base path '/actuator'
2021-09-07 19:44:17.591  INFO 82017 --- [restartedMain] o.s.s.concurrent.ThreadPoolTaskExecutor  : Initializing ExecutorService 'applicationTaskExecutor'
2021-09-07 19:44:17.724  INFO 82017 --- [restartedMain] o.s.s.c.ThreadPoolTaskScheduler          : Initializing ExecutorService
2021-09-07 19:44:17.782  INFO 82017 --- [restartedMain] o.s.s.c.ThreadPoolTaskScheduler          : Initializing ExecutorService 'taskScheduler'
2021-09-07 19:44:17.823  INFO 82017 --- [restartedMain] d.s.w.p.DocumentationPluginsBootstrapper : Context refreshed
2021-09-07 19:44:17.846  INFO 82017 --- [restartedMain] d.s.w.p.DocumentationPluginsBootstrapper : Found 1 custom documentation plugin(s)
2021-09-07 19:44:17.858  INFO 82017 --- [restartedMain] s.d.s.w.s.ApiListingReferenceScanner     : Scanning for api listing references
2021-09-07 19:44:18.077  INFO 82017 --- [restartedMain] .d.s.w.r.o.CachingOperationNameGenerator : Generating unique operation named: getUsingGET_1
2021-09-07 19:44:18.087  INFO 82017 --- [restartedMain] .d.s.w.r.o.CachingOperationNameGenerator : Generating unique operation named: postUsingPOST_1
2021-09-07 19:44:18.129  INFO 82017 --- [restartedMain] o.s.b.w.embedded.tomcat.TomcatWebServer  : Tomcat started on port(s): 8080 (http) with context path ''
2021-09-07 19:44:18.131  INFO 82017 --- [restartedMain] com.gs.api.Application                   : Started Application in 5.834 seconds (JVM running for 6.252)
2021-09-07 19:44:18.235  WARN 82017 --- [registrationTask1] d.c.b.a.c.r.ApplicationRegistrator       : Failed to register application as Application(name=spring-boot-application, managementUrl=http://gui-mint:8080/actuator, healthUrl=http://gui-mint:8080/actuator/health, serviceUrl=http://gui-mint:8080/) at spring-boot-admin ([http://localhost:8081/instances]): I/O error on POST request for "http://localhost:8081/instances": Connection refused (Connection refused); nested exception is java.net.ConnectException: Connection refused (Connection refused). Further attempts are logged on DEBUG level
2021-09-07 19:56:48.571  INFO 82017 --- [registrationTask1] d.c.b.a.c.r.ApplicationRegistrator       : Application registered itself as 7a18f60f8798
2021-09-07 19:56:48.604  INFO 82017 --- [http-nio-8080-exec-1] o.a.c.c.C.[Tomcat].[localhost].[/]       : Initializing Spring DispatcherServlet 'dispatcherServlet'
2021-09-07 19:56:48.605  INFO 82017 --- [http-nio-8080-exec-1] o.s.web.servlet.DispatcherServlet        : Initializing Servlet 'dispatcherServlet'
2021-09-07 19:56:48.620  INFO 82017 --- [http-nio-8080-exec-1] o.s.web.servlet.DispatcherServlet        : Completed initialization in 15 ms
2021-09-07 19:57:33.999  INFO 82017 --- [SpringContextShutdownHook] o.s.s.c.ThreadPoolTaskScheduler          : Shutting down ExecutorService 'taskScheduler'
2021-09-07 19:57:34.000  INFO 82017 --- [SpringContextShutdownHook] o.s.s.c.ThreadPoolTaskScheduler          : Shutting down ExecutorService
2021-09-07 19:57:34.001  INFO 82017 --- [SpringContextShutdownHook] o.s.s.concurrent.ThreadPoolTaskExecutor  : Shutting down ExecutorService 'applicationTaskExecutor'
2021-09-07 19:57:34.004  INFO 82017 --- [SpringContextShutdownHook] j.LocalContainerEntityManagerFactoryBean : Closing JPA EntityManagerFactory for persistence unit 'default'
2021-09-07 19:57:34.005  INFO 82017 --- [SpringContextShutdownHook] .SchemaDropperImpl$DelayedDropActionImpl : HHH000477: Starting delayed evictData of schema as part of SessionFactory shut-down'
2021-09-07 19:57:34.007 ERROR 82017 --- [SpringContextShutdownHook] .SchemaDropperImpl$DelayedDropActionImpl : HHH000478: Unsuccessful: drop table book if exists
2021-09-07 19:57:34.226  WARN 82017 --- [SpringContextShutdownHook] o.s.b.f.support.DisposableBeanAdapter    : Invocation of destroy method failed on bean with name 'inMemoryDatabaseShutdownExecutor': org.h2.jdbc.JdbcSQLNonTransientConnectionException: Database is already closed (to disable automatic closing at VM shutdown, add ";DB_CLOSE_ON_EXIT=FALSE" to the db URL) [90121-200]
2021-09-07 19:57:34.227  INFO 82017 --- [SpringContextShutdownHook] com.zaxxer.hikari.HikariDataSource       : HikariPool-1 - Shutdown initiated...
2021-09-07 19:57:34.231  INFO 82017 --- [SpringContextShutdownHook] com.zaxxer.hikari.HikariDataSource       : HikariPool-1 - Shutdown completed.
2021-09-07 19:57:38.961  INFO 85613 --- [restartedMain] com.gs.api.Application                   : Starting Application on gui-mint with PID 85613 (/home/guistella/Documents/study/java/aula-udemy-rest/target/classes started by guistella in /home/guistella/Documents/study/java/aula-udemy-rest)
2021-09-07 19:57:38.963  INFO 85613 --- [restartedMain] com.gs.api.Application                   : No active profile set, falling back to default profiles: default
2021-09-07 19:57:39.020  INFO 85613 --- [restartedMain] o.s.b.devtools.restart.ChangeableUrls    : The Class-Path manifest attribute in /home/guistella/.m2/repository/org/glassfish/jaxb/jaxb-runtime/2.3.2/jaxb-runtime-2.3.2.jar referenced one or more files that do not exist: file:/home/guistella/.m2/repository/org/glassfish/jaxb/jaxb-runtime/2.3.2/jakarta.xml.bind-api-2.3.2.jar,file:/home/guistella/.m2/repository/org/glassfish/jaxb/jaxb-runtime/2.3.2/txw2-2.3.2.jar,file:/home/guistella/.m2/repository/org/glassfish/jaxb/jaxb-runtime/2.3.2/istack-commons-runtime-3.0.8.jar,file:/home/guistella/.m2/repository/org/glassfish/jaxb/jaxb-runtime/2.3.2/stax-ex-1.8.1.jar,file:/home/guistella/.m2/repository/org/glassfish/jaxb/jaxb-runtime/2.3.2/FastInfoset-1.2.16.jar,file:/home/guistella/.m2/repository/org/glassfish/jaxb/jaxb-runtime/2.3.2/jakarta.activation-api-1.2.1.jar
2021-09-07 19:57:39.020  INFO 85613 --- [restartedMain] .e.DevToolsPropertyDefaultsPostProcessor : Devtools property defaults active! Set 'spring.devtools.add-properties' to 'false' to disable
2021-09-07 19:57:39.020  INFO 85613 --- [restartedMain] .e.DevToolsPropertyDefaultsPostProcessor : For additional web related logging consider setting the 'logging.level.web' property to 'DEBUG'
2021-09-07 19:57:40.140  INFO 85613 --- [restartedMain] .s.d.r.c.RepositoryConfigurationDelegate : Bootstrapping Spring Data repositories in DEFAULT mode.
2021-09-07 19:57:40.235  INFO 85613 --- [restartedMain] .s.d.r.c.RepositoryConfigurationDelegate : Finished Spring Data repository scanning in 85ms. Found 2 repository interfaces.
2021-09-07 19:57:40.641  INFO 85613 --- [restartedMain] trationDelegate$BeanPostProcessorChecker : Bean 'org.springframework.transaction.annotation.ProxyTransactionManagementConfiguration' of type [org.springframework.transaction.annotation.ProxyTransactionManagementConfiguration] is not eligible for getting processed by all BeanPostProcessors (for example: not eligible for auto-proxying)
2021-09-07 19:57:41.076  INFO 85613 --- [restartedMain] o.s.b.w.embedded.tomcat.TomcatWebServer  : Tomcat initialized with port(s): 8080 (http)
2021-09-07 19:57:41.086  INFO 85613 --- [restartedMain] o.apache.catalina.core.StandardService   : Starting service [Tomcat]
2021-09-07 19:57:41.087  INFO 85613 --- [restartedMain] org.apache.catalina.core.StandardEngine  : Starting Servlet engine: [Apache Tomcat/9.0.27]
2021-09-07 19:57:41.169  INFO 85613 --- [restartedMain] o.a.c.c.C.[Tomcat].[localhost].[/]       : Initializing Spring embedded WebApplicationContext
2021-09-07 19:57:41.170  INFO 85613 --- [restartedMain] o.s.web.context.ContextLoader            : Root WebApplicationContext: initialization completed in 2149 ms
2021-09-07 19:57:41.302  INFO 85613 --- [restartedMain] com.zaxxer.hikari.HikariDataSource       : HikariPool-1 - Starting...
2021-09-07 19:57:41.492  INFO 85613 --- [restartedMain] com.zaxxer.hikari.HikariDataSource       : HikariPool-1 - Start completed.
2021-09-07 19:57:41.499  INFO 85613 --- [restartedMain] o.s.b.a.h2.H2ConsoleAutoConfiguration    : H2 console available at '/h2-console'. Database available at 'jdbc:h2:mem:testdb'
2021-09-07 19:57:41.756  INFO 85613 --- [restartedMain] o.s.b.a.e.web.ServletEndpointRegistrar   : Registered '/actuator/jolokia' to jolokia-actuator-endpoint
2021-09-07 19:57:41.869  INFO 85613 --- [restartedMain] o.hibernate.jpa.internal.util.LogHelper  : HHH000204: Processing PersistenceUnitInfo [name: default]
2021-09-07 19:57:41.939  INFO 85613 --- [restartedMain] org.hibernate.Version                    : HHH000412: Hibernate Core {5.4.8.Final}
2021-09-07 19:57:42.055  INFO 85613 --- [restartedMain] o.hibernate.annotations.common.Version   : HCANN000001: Hibernate Commons Annotations {5.1.0.Final}
2021-09-07 19:57:42.175  INFO 85613 --- [restartedMain] org.hibernate.dialect.Dialect            : HHH000400: Using dialect: org.hibernate.dialect.H2Dialect
2021-09-07 19:57:42.902  INFO 85613 --- [restartedMain] o.h.e.t.j.p.i.JtaPlatformInitiator       : HHH000490: Using JtaPlatform implementation: [org.hibernate.engine.transaction.jta.platform.internal.NoJtaPlatform]
2021-09-07 19:57:42.907  INFO 85613 --- [restartedMain] j.LocalContainerEntityManagerFactoryBean : Initialized JPA EntityManagerFactory for persistence unit 'default'
2021-09-07 19:57:42.918  INFO 85613 --- [restartedMain] o.s.b.d.a.OptionalLiveReloadServer       : LiveReload server is running on port 35729
2021-09-07 19:57:43.776  WARN 85613 --- [restartedMain] JpaBaseConfiguration$JpaWebConfiguration : spring.jpa.open-in-view is enabled by default. Therefore, database queries may be performed during view rendering. Explicitly configure spring.jpa.open-in-view to disable this warning
2021-09-07 19:57:43.918  INFO 85613 --- [restartedMain] o.s.b.a.e.web.EndpointLinksResolver      : Exposing 15 endpoint(s) beneath base path '/actuator'
2021-09-07 19:57:44.069  INFO 85613 --- [restartedMain] o.s.s.concurrent.ThreadPoolTaskExecutor  : Initializing ExecutorService 'applicationTaskExecutor'
2021-09-07 19:57:44.250  INFO 85613 --- [restartedMain] o.s.s.c.ThreadPoolTaskScheduler          : Initializing ExecutorService
2021-09-07 19:57:44.320  INFO 85613 --- [restartedMain] o.s.s.c.ThreadPoolTaskScheduler          : Initializing ExecutorService 'taskScheduler'
2021-09-07 19:57:44.354  INFO 85613 --- [restartedMain] d.s.w.p.DocumentationPluginsBootstrapper : Context refreshed
2021-09-07 19:57:44.372  INFO 85613 --- [restartedMain] d.s.w.p.DocumentationPluginsBootstrapper : Found 1 custom documentation plugin(s)
2021-09-07 19:57:44.385  INFO 85613 --- [restartedMain] s.d.s.w.s.ApiListingReferenceScanner     : Scanning for api listing references
2021-09-07 19:57:44.630  INFO 85613 --- [restartedMain] .d.s.w.r.o.CachingOperationNameGenerator : Generating unique operation named: getUsingGET_1
2021-09-07 19:57:44.642  INFO 85613 --- [restartedMain] .d.s.w.r.o.CachingOperationNameGenerator : Generating unique operation named: postUsingPOST_1
2021-09-07 19:57:44.697  INFO 85613 --- [restartedMain] o.s.b.w.embedded.tomcat.TomcatWebServer  : Tomcat started on port(s): 8080 (http) with context path ''
2021-09-07 19:57:44.699  INFO 85613 --- [restartedMain] com.gs.api.Application                   : Started Application in 6.152 seconds (JVM running for 6.599)
2021-09-07 19:57:44.880  INFO 85613 --- [registrationTask1] d.c.b.a.c.r.ApplicationRegistrator       : Application registered itself as 7a18f60f8798
2021-09-07 19:57:44.906  INFO 85613 --- [http-nio-8080-exec-2] o.a.c.c.C.[Tomcat].[localhost].[/]       : Initializing Spring DispatcherServlet 'dispatcherServlet'
2021-09-07 19:57:44.906  INFO 85613 --- [http-nio-8080-exec-2] o.s.web.servlet.DispatcherServlet        : Initializing Servlet 'dispatcherServlet'
2021-09-07 19:57:44.917  INFO 85613 --- [http-nio-8080-exec-2] o.s.web.servlet.DispatcherServlet        : Completed initialization in 11 ms
2021-09-07 19:57:47.133  INFO 85613 --- [SpringContextShutdownHook] o.s.s.c.ThreadPoolTaskScheduler          : Shutting down ExecutorService 'taskScheduler'
2021-09-07 19:57:47.134  INFO 85613 --- [SpringContextShutdownHook] o.s.s.c.ThreadPoolTaskScheduler          : Shutting down ExecutorService
2021-09-07 19:57:47.135  INFO 85613 --- [SpringContextShutdownHook] o.s.s.concurrent.ThreadPoolTaskExecutor  : Shutting down ExecutorService 'applicationTaskExecutor'
2021-09-07 19:57:47.138  INFO 85613 --- [SpringContextShutdownHook] j.LocalContainerEntityManagerFactoryBean : Closing JPA EntityManagerFactory for persistence unit 'default'
2021-09-07 19:57:47.138  INFO 85613 --- [SpringContextShutdownHook] .SchemaDropperImpl$DelayedDropActionImpl : HHH000477: Starting delayed evictData of schema as part of SessionFactory shut-down'
2021-09-07 19:57:47.139 ERROR 85613 --- [SpringContextShutdownHook] .SchemaDropperImpl$DelayedDropActionImpl : HHH000478: Unsuccessful: drop table book if exists
2021-09-07 19:57:47.358  WARN 85613 --- [SpringContextShutdownHook] o.s.b.f.support.DisposableBeanAdapter    : Invocation of destroy method failed on bean with name 'inMemoryDatabaseShutdownExecutor': org.h2.jdbc.JdbcSQLNonTransientConnectionException: Database is already closed (to disable automatic closing at VM shutdown, add ";DB_CLOSE_ON_EXIT=FALSE" to the db URL) [90121-200]
2021-09-07 19:57:47.359  INFO 85613 --- [SpringContextShutdownHook] com.zaxxer.hikari.HikariDataSource       : HikariPool-1 - Shutdown initiated...
2021-09-07 19:57:47.365  INFO 85613 --- [SpringContextShutdownHook] com.zaxxer.hikari.HikariDataSource       : HikariPool-1 - Shutdown completed.
2021-09-07 19:58:17.108  INFO 85975 --- [restartedMain] com.gs.api.Application                   : Starting Application on gui-mint with PID 85975 (/home/guistella/Documents/study/java/aula-udemy-rest/target/classes started by guistella in /home/guistella/Documents/study/java/aula-udemy-rest)
2021-09-07 19:58:17.112  INFO 85975 --- [restartedMain] com.gs.api.Application                   : No active profile set, falling back to default profiles: default
2021-09-07 19:58:17.161  INFO 85975 --- [restartedMain] o.s.b.devtools.restart.ChangeableUrls    : The Class-Path manifest attribute in /home/guistella/.m2/repository/org/glassfish/jaxb/jaxb-runtime/2.3.2/jaxb-runtime-2.3.2.jar referenced one or more files that do not exist: file:/home/guistella/.m2/repository/org/glassfish/jaxb/jaxb-runtime/2.3.2/jakarta.xml.bind-api-2.3.2.jar,file:/home/guistella/.m2/repository/org/glassfish/jaxb/jaxb-runtime/2.3.2/txw2-2.3.2.jar,file:/home/guistella/.m2/repository/org/glassfish/jaxb/jaxb-runtime/2.3.2/istack-commons-runtime-3.0.8.jar,file:/home/guistella/.m2/repository/org/glassfish/jaxb/jaxb-runtime/2.3.2/stax-ex-1.8.1.jar,file:/home/guistella/.m2/repository/org/glassfish/jaxb/jaxb-runtime/2.3.2/FastInfoset-1.2.16.jar,file:/home/guistella/.m2/repository/org/glassfish/jaxb/jaxb-runtime/2.3.2/jakarta.activation-api-1.2.1.jar
2021-09-07 19:58:17.162  INFO 85975 --- [restartedMain] .e.DevToolsPropertyDefaultsPostProcessor : Devtools property defaults active! Set 'spring.devtools.add-properties' to 'false' to disable
2021-09-07 19:58:17.162  INFO 85975 --- [restartedMain] .e.DevToolsPropertyDefaultsPostProcessor : For additional web related logging consider setting the 'logging.level.web' property to 'DEBUG'
2021-09-07 19:58:18.390  INFO 85975 --- [restartedMain] .s.d.r.c.RepositoryConfigurationDelegate : Bootstrapping Spring Data repositories in DEFAULT mode.
2021-09-07 19:58:18.457  INFO 85975 --- [restartedMain] .s.d.r.c.RepositoryConfigurationDelegate : Finished Spring Data repository scanning in 59ms. Found 2 repository interfaces.
2021-09-07 19:58:18.862  INFO 85975 --- [restartedMain] trationDelegate$BeanPostProcessorChecker : Bean 'org.springframework.transaction.annotation.ProxyTransactionManagementConfiguration' of type [org.springframework.transaction.annotation.ProxyTransactionManagementConfiguration] is not eligible for getting processed by all BeanPostProcessors (for example: not eligible for auto-proxying)
2021-09-07 19:58:19.243  INFO 85975 --- [restartedMain] o.s.b.w.embedded.tomcat.TomcatWebServer  : Tomcat initialized with port(s): 8080 (http)
2021-09-07 19:58:19.253  INFO 85975 --- [restartedMain] o.apache.catalina.core.StandardService   : Starting service [Tomcat]
2021-09-07 19:58:19.253  INFO 85975 --- [restartedMain] org.apache.catalina.core.StandardEngine  : Starting Servlet engine: [Apache Tomcat/9.0.27]
2021-09-07 19:58:19.314  INFO 85975 --- [restartedMain] o.a.c.c.C.[Tomcat].[localhost].[/]       : Initializing Spring embedded WebApplicationContext
2021-09-07 19:58:19.315  INFO 85975 --- [restartedMain] o.s.web.context.ContextLoader            : Root WebApplicationContext: initialization completed in 2153 ms
2021-09-07 19:58:19.424  INFO 85975 --- [restartedMain] com.zaxxer.hikari.HikariDataSource       : HikariPool-1 - Starting...
2021-09-07 19:58:19.593  INFO 85975 --- [restartedMain] com.zaxxer.hikari.HikariDataSource       : HikariPool-1 - Start completed.
2021-09-07 19:58:19.600  INFO 85975 --- [restartedMain] o.s.b.a.h2.H2ConsoleAutoConfiguration    : H2 console available at '/h2-console'. Database available at 'jdbc:h2:mem:testdb'
2021-09-07 19:58:19.837  INFO 85975 --- [restartedMain] o.s.b.a.e.web.ServletEndpointRegistrar   : Registered '/actuator/jolokia' to jolokia-actuator-endpoint
2021-09-07 19:58:19.949  INFO 85975 --- [restartedMain] o.hibernate.jpa.internal.util.LogHelper  : HHH000204: Processing PersistenceUnitInfo [name: default]
2021-09-07 19:58:20.010  INFO 85975 --- [restartedMain] org.hibernate.Version                    : HHH000412: Hibernate Core {5.4.8.Final}
2021-09-07 19:58:20.127  INFO 85975 --- [restartedMain] o.hibernate.annotations.common.Version   : HCANN000001: Hibernate Commons Annotations {5.1.0.Final}
2021-09-07 19:58:20.236  INFO 85975 --- [restartedMain] org.hibernate.dialect.Dialect            : HHH000400: Using dialect: org.hibernate.dialect.H2Dialect
2021-09-07 19:58:20.970  INFO 85975 --- [restartedMain] o.h.e.t.j.p.i.JtaPlatformInitiator       : HHH000490: Using JtaPlatform implementation: [org.hibernate.engine.transaction.jta.platform.internal.NoJtaPlatform]
2021-09-07 19:58:20.977  INFO 85975 --- [restartedMain] j.LocalContainerEntityManagerFactoryBean : Initialized JPA EntityManagerFactory for persistence unit 'default'
2021-09-07 19:58:20.992  INFO 85975 --- [restartedMain] o.s.b.d.a.OptionalLiveReloadServer       : LiveReload server is running on port 35729
2021-09-07 19:58:21.840  WARN 85975 --- [restartedMain] JpaBaseConfiguration$JpaWebConfiguration : spring.jpa.open-in-view is enabled by default. Therefore, database queries may be performed during view rendering. Explicitly configure spring.jpa.open-in-view to disable this warning
2021-09-07 19:58:21.982  INFO 85975 --- [restartedMain] o.s.b.a.e.web.EndpointLinksResolver      : Exposing 15 endpoint(s) beneath base path '/actuator'
2021-09-07 19:58:22.119  INFO 85975 --- [restartedMain] o.s.s.concurrent.ThreadPoolTaskExecutor  : Initializing ExecutorService 'applicationTaskExecutor'
2021-09-07 19:58:22.247  INFO 85975 --- [restartedMain] o.s.s.c.ThreadPoolTaskScheduler          : Initializing ExecutorService
2021-09-07 19:58:22.306  INFO 85975 --- [restartedMain] o.s.s.c.ThreadPoolTaskScheduler          : Initializing ExecutorService 'taskScheduler'
2021-09-07 19:58:22.343  INFO 85975 --- [restartedMain] d.s.w.p.DocumentationPluginsBootstrapper : Context refreshed
2021-09-07 19:58:22.362  INFO 85975 --- [restartedMain] d.s.w.p.DocumentationPluginsBootstrapper : Found 1 custom documentation plugin(s)
2021-09-07 19:58:22.375  INFO 85975 --- [restartedMain] s.d.s.w.s.ApiListingReferenceScanner     : Scanning for api listing references
2021-09-07 19:58:22.595  INFO 85975 --- [restartedMain] .d.s.w.r.o.CachingOperationNameGenerator : Generating unique operation named: getUsingGET_1
2021-09-07 19:58:22.607  INFO 85975 --- [restartedMain] .d.s.w.r.o.CachingOperationNameGenerator : Generating unique operation named: postUsingPOST_1
2021-09-07 19:58:22.653  INFO 85975 --- [restartedMain] o.s.b.w.embedded.tomcat.TomcatWebServer  : Tomcat started on port(s): 8080 (http) with context path ''
2021-09-07 19:58:22.656  INFO 85975 --- [restartedMain] com.gs.api.Application                   : Started Application in 5.965 seconds (JVM running for 6.429)
2021-09-07 19:58:23.170  INFO 85975 --- [registrationTask1] d.c.b.a.c.r.ApplicationRegistrator       : Application registered itself as 7a18f60f8798
2021-09-07 19:58:23.207  INFO 85975 --- [http-nio-8080-exec-1] o.a.c.c.C.[Tomcat].[localhost].[/]       : Initializing Spring DispatcherServlet 'dispatcherServlet'
2021-09-07 19:58:23.207  INFO 85975 --- [http-nio-8080-exec-1] o.s.web.servlet.DispatcherServlet        : Initializing Servlet 'dispatcherServlet'
2021-09-07 19:58:23.215  INFO 85975 --- [http-nio-8080-exec-1] o.s.web.servlet.DispatcherServlet        : Completed initialization in 8 ms
2021-09-07 20:02:55.409  INFO 85975 --- [SpringContextShutdownHook] o.s.s.c.ThreadPoolTaskScheduler          : Shutting down ExecutorService 'taskScheduler'
2021-09-07 20:02:55.411  INFO 85975 --- [SpringContextShutdownHook] o.s.s.c.ThreadPoolTaskScheduler          : Shutting down ExecutorService
2021-09-07 20:02:55.411  INFO 85975 --- [SpringContextShutdownHook] o.s.s.concurrent.ThreadPoolTaskExecutor  : Shutting down ExecutorService 'applicationTaskExecutor'
2021-09-07 20:02:55.417  INFO 85975 --- [SpringContextShutdownHook] j.LocalContainerEntityManagerFactoryBean : Closing JPA EntityManagerFactory for persistence unit 'default'
2021-09-07 20:02:55.418  INFO 85975 --- [SpringContextShutdownHook] .SchemaDropperImpl$DelayedDropActionImpl : HHH000477: Starting delayed evictData of schema as part of SessionFactory shut-down'
2021-09-07 20:02:55.420 ERROR 85975 --- [SpringContextShutdownHook] .SchemaDropperImpl$DelayedDropActionImpl : HHH000478: Unsuccessful: drop table book if exists
2021-09-07 20:02:55.655  WARN 85975 --- [SpringContextShutdownHook] o.s.b.f.support.DisposableBeanAdapter    : Invocation of destroy method failed on bean with name 'inMemoryDatabaseShutdownExecutor': org.h2.jdbc.JdbcSQLNonTransientConnectionException: Database is already closed (to disable automatic closing at VM shutdown, add ";DB_CLOSE_ON_EXIT=FALSE" to the db URL) [90121-200]
2021-09-07 20:02:55.657  INFO 85975 --- [SpringContextShutdownHook] com.zaxxer.hikari.HikariDataSource       : HikariPool-1 - Shutdown initiated...
2021-09-07 20:02:55.662  INFO 85975 --- [SpringContextShutdownHook] com.zaxxer.hikari.HikariDataSource       : HikariPool-1 - Shutdown completed.
2021-09-07 20:03:59.608  INFO 87312 --- [restartedMain] com.gs.api.Application                   : Starting Application on gui-mint with PID 87312 (/home/guistella/Documents/study/java/aula-udemy-rest/target/classes started by guistella in /home/guistella/Documents/study/java/aula-udemy-rest)
2021-09-07 20:03:59.612  INFO 87312 --- [restartedMain] com.gs.api.Application                   : No active profile set, falling back to default profiles: default
2021-09-07 20:03:59.666  INFO 87312 --- [restartedMain] o.s.b.devtools.restart.ChangeableUrls    : The Class-Path manifest attribute in /home/guistella/.m2/repository/org/glassfish/jaxb/jaxb-runtime/2.3.2/jaxb-runtime-2.3.2.jar referenced one or more files that do not exist: file:/home/guistella/.m2/repository/org/glassfish/jaxb/jaxb-runtime/2.3.2/jakarta.xml.bind-api-2.3.2.jar,file:/home/guistella/.m2/repository/org/glassfish/jaxb/jaxb-runtime/2.3.2/txw2-2.3.2.jar,file:/home/guistella/.m2/repository/org/glassfish/jaxb/jaxb-runtime/2.3.2/istack-commons-runtime-3.0.8.jar,file:/home/guistella/.m2/repository/org/glassfish/jaxb/jaxb-runtime/2.3.2/stax-ex-1.8.1.jar,file:/home/guistella/.m2/repository/org/glassfish/jaxb/jaxb-runtime/2.3.2/FastInfoset-1.2.16.jar,file:/home/guistella/.m2/repository/org/glassfish/jaxb/jaxb-runtime/2.3.2/jakarta.activation-api-1.2.1.jar
2021-09-07 20:03:59.667  INFO 87312 --- [restartedMain] .e.DevToolsPropertyDefaultsPostProcessor : Devtools property defaults active! Set 'spring.devtools.add-properties' to 'false' to disable
2021-09-07 20:03:59.667  INFO 87312 --- [restartedMain] .e.DevToolsPropertyDefaultsPostProcessor : For additional web related logging consider setting the 'logging.level.web' property to 'DEBUG'
2021-09-07 20:04:00.831  INFO 87312 --- [restartedMain] .s.d.r.c.RepositoryConfigurationDelegate : Bootstrapping Spring Data repositories in DEFAULT mode.
2021-09-07 20:04:00.902  INFO 87312 --- [restartedMain] .s.d.r.c.RepositoryConfigurationDelegate : Finished Spring Data repository scanning in 63ms. Found 2 repository interfaces.
2021-09-07 20:04:01.261  INFO 87312 --- [restartedMain] trationDelegate$BeanPostProcessorChecker : Bean 'org.springframework.transaction.annotation.ProxyTransactionManagementConfiguration' of type [org.springframework.transaction.annotation.ProxyTransactionManagementConfiguration] is not eligible for getting processed by all BeanPostProcessors (for example: not eligible for auto-proxying)
2021-09-07 20:04:01.589  INFO 87312 --- [restartedMain] o.s.b.w.embedded.tomcat.TomcatWebServer  : Tomcat initialized with port(s): 8080 (http)
2021-09-07 20:04:01.599  INFO 87312 --- [restartedMain] o.apache.catalina.core.StandardService   : Starting service [Tomcat]
2021-09-07 20:04:01.599  INFO 87312 --- [restartedMain] org.apache.catalina.core.StandardEngine  : Starting Servlet engine: [Apache Tomcat/9.0.27]
2021-09-07 20:04:01.658  INFO 87312 --- [restartedMain] o.a.c.c.C.[Tomcat].[localhost].[/]       : Initializing Spring embedded WebApplicationContext
2021-09-07 20:04:01.658  INFO 87312 --- [restartedMain] o.s.web.context.ContextLoader            : Root WebApplicationContext: initialization completed in 1991 ms
2021-09-07 20:04:01.772  INFO 87312 --- [restartedMain] com.zaxxer.hikari.HikariDataSource       : HikariPool-1 - Starting...
2021-09-07 20:04:01.985  INFO 87312 --- [restartedMain] com.zaxxer.hikari.HikariDataSource       : HikariPool-1 - Start completed.
2021-09-07 20:04:01.994  INFO 87312 --- [restartedMain] o.s.b.a.h2.H2ConsoleAutoConfiguration    : H2 console available at '/h2-console'. Database available at 'jdbc:h2:mem:testdb'
2021-09-07 20:04:02.186  INFO 87312 --- [restartedMain] o.s.b.a.e.web.ServletEndpointRegistrar   : Registered '/actuator/jolokia' to jolokia-actuator-endpoint
2021-09-07 20:04:02.348  INFO 87312 --- [restartedMain] o.hibernate.jpa.internal.util.LogHelper  : HHH000204: Processing PersistenceUnitInfo [name: default]
2021-09-07 20:04:02.414  INFO 87312 --- [restartedMain] org.hibernate.Version                    : HHH000412: Hibernate Core {5.4.8.Final}
2021-09-07 20:04:02.526  INFO 87312 --- [restartedMain] o.hibernate.annotations.common.Version   : HCANN000001: Hibernate Commons Annotations {5.1.0.Final}
2021-09-07 20:04:02.634  INFO 87312 --- [restartedMain] org.hibernate.dialect.Dialect            : HHH000400: Using dialect: org.hibernate.dialect.H2Dialect
2021-09-07 20:04:03.395  INFO 87312 --- [restartedMain] o.h.e.t.j.p.i.JtaPlatformInitiator       : HHH000490: Using JtaPlatform implementation: [org.hibernate.engine.transaction.jta.platform.internal.NoJtaPlatform]
2021-09-07 20:04:03.401  INFO 87312 --- [restartedMain] j.LocalContainerEntityManagerFactoryBean : Initialized JPA EntityManagerFactory for persistence unit 'default'
2021-09-07 20:04:03.414  INFO 87312 --- [restartedMain] o.s.b.d.a.OptionalLiveReloadServer       : LiveReload server is running on port 35729
2021-09-07 20:04:04.446  WARN 87312 --- [restartedMain] JpaBaseConfiguration$JpaWebConfiguration : spring.jpa.open-in-view is enabled by default. Therefore, database queries may be performed during view rendering. Explicitly configure spring.jpa.open-in-view to disable this warning
2021-09-07 20:04:04.622  INFO 87312 --- [restartedMain] o.s.b.a.e.web.EndpointLinksResolver      : Exposing 15 endpoint(s) beneath base path '/actuator'
2021-09-07 20:04:04.815  INFO 87312 --- [restartedMain] o.s.s.concurrent.ThreadPoolTaskExecutor  : Initializing ExecutorService 'applicationTaskExecutor'
2021-09-07 20:04:04.949  INFO 87312 --- [restartedMain] o.s.s.c.ThreadPoolTaskScheduler          : Initializing ExecutorService
2021-09-07 20:04:05.003  INFO 87312 --- [restartedMain] o.s.s.c.ThreadPoolTaskScheduler          : Initializing ExecutorService 'taskScheduler'
2021-09-07 20:04:05.034  INFO 87312 --- [restartedMain] d.s.w.p.DocumentationPluginsBootstrapper : Context refreshed
2021-09-07 20:04:05.049  INFO 87312 --- [restartedMain] d.s.w.p.DocumentationPluginsBootstrapper : Found 1 custom documentation plugin(s)
2021-09-07 20:04:05.063  INFO 87312 --- [restartedMain] s.d.s.w.s.ApiListingReferenceScanner     : Scanning for api listing references
2021-09-07 20:04:05.320  INFO 87312 --- [restartedMain] .d.s.w.r.o.CachingOperationNameGenerator : Generating unique operation named: getUsingGET_1
2021-09-07 20:04:05.328  INFO 87312 --- [restartedMain] .d.s.w.r.o.CachingOperationNameGenerator : Generating unique operation named: postUsingPOST_1
2021-09-07 20:04:05.366  INFO 87312 --- [restartedMain] o.s.b.w.embedded.tomcat.TomcatWebServer  : Tomcat started on port(s): 8080 (http) with context path ''
2021-09-07 20:04:05.368  INFO 87312 --- [restartedMain] com.gs.api.Application                   : Started Application in 6.151 seconds (JVM running for 6.618)
2021-09-07 20:04:05.488  INFO 87312 --- [registrationTask1] d.c.b.a.c.r.ApplicationRegistrator       : Application registered itself as 7a18f60f8798
2021-09-07 20:04:05.523  INFO 87312 --- [http-nio-8080-exec-1] o.a.c.c.C.[Tomcat].[localhost].[/]       : Initializing Spring DispatcherServlet 'dispatcherServlet'
2021-09-07 20:04:05.523  INFO 87312 --- [http-nio-8080-exec-1] o.s.web.servlet.DispatcherServlet        : Initializing Servlet 'dispatcherServlet'
2021-09-07 20:04:05.535  INFO 87312 --- [http-nio-8080-exec-1] o.s.web.servlet.DispatcherServlet        : Completed initialization in 12 ms
2021-09-07 20:04:45.119  INFO 87312 --- [SpringContextShutdownHook] o.s.s.c.ThreadPoolTaskScheduler          : Shutting down ExecutorService 'taskScheduler'
2021-09-07 20:04:45.120  INFO 87312 --- [SpringContextShutdownHook] o.s.s.c.ThreadPoolTaskScheduler          : Shutting down ExecutorService
2021-09-07 20:04:45.120  INFO 87312 --- [SpringContextShutdownHook] o.s.s.concurrent.ThreadPoolTaskExecutor  : Shutting down ExecutorService 'applicationTaskExecutor'
2021-09-07 20:04:45.125  INFO 87312 --- [SpringContextShutdownHook] j.LocalContainerEntityManagerFactoryBean : Closing JPA EntityManagerFactory for persistence unit 'default'
2021-09-07 20:04:45.126  INFO 87312 --- [SpringContextShutdownHook] .SchemaDropperImpl$DelayedDropActionImpl : HHH000477: Starting delayed evictData of schema as part of SessionFactory shut-down'
2021-09-07 20:04:45.128 ERROR 87312 --- [SpringContextShutdownHook] .SchemaDropperImpl$DelayedDropActionImpl : HHH000478: Unsuccessful: drop table book if exists
2021-09-07 20:04:45.348  WARN 87312 --- [SpringContextShutdownHook] o.s.b.f.support.DisposableBeanAdapter    : Invocation of destroy method failed on bean with name 'inMemoryDatabaseShutdownExecutor': org.h2.jdbc.JdbcSQLNonTransientConnectionException: Database is already closed (to disable automatic closing at VM shutdown, add ";DB_CLOSE_ON_EXIT=FALSE" to the db URL) [90121-200]
2021-09-07 20:04:45.350  INFO 87312 --- [SpringContextShutdownHook] com.zaxxer.hikari.HikariDataSource       : HikariPool-1 - Shutdown initiated...
2021-09-07 20:04:45.355  INFO 87312 --- [SpringContextShutdownHook] com.zaxxer.hikari.HikariDataSource       : HikariPool-1 - Shutdown completed.
2021-09-07 20:04:49.030  INFO 87572 --- [restartedMain] com.gs.api.Application                   : Starting Application on gui-mint with PID 87572 (/home/guistella/Documents/study/java/aula-udemy-rest/target/classes started by guistella in /home/guistella/Documents/study/java/aula-udemy-rest)
2021-09-07 20:04:49.033  INFO 87572 --- [restartedMain] com.gs.api.Application                   : No active profile set, falling back to default profiles: default
2021-09-07 20:04:49.082  INFO 87572 --- [restartedMain] o.s.b.devtools.restart.ChangeableUrls    : The Class-Path manifest attribute in /home/guistella/.m2/repository/org/glassfish/jaxb/jaxb-runtime/2.3.2/jaxb-runtime-2.3.2.jar referenced one or more files that do not exist: file:/home/guistella/.m2/repository/org/glassfish/jaxb/jaxb-runtime/2.3.2/jakarta.xml.bind-api-2.3.2.jar,file:/home/guistella/.m2/repository/org/glassfish/jaxb/jaxb-runtime/2.3.2/txw2-2.3.2.jar,file:/home/guistella/.m2/repository/org/glassfish/jaxb/jaxb-runtime/2.3.2/istack-commons-runtime-3.0.8.jar,file:/home/guistella/.m2/repository/org/glassfish/jaxb/jaxb-runtime/2.3.2/stax-ex-1.8.1.jar,file:/home/guistella/.m2/repository/org/glassfish/jaxb/jaxb-runtime/2.3.2/FastInfoset-1.2.16.jar,file:/home/guistella/.m2/repository/org/glassfish/jaxb/jaxb-runtime/2.3.2/jakarta.activation-api-1.2.1.jar
2021-09-07 20:04:49.083  INFO 87572 --- [restartedMain] .e.DevToolsPropertyDefaultsPostProcessor : Devtools property defaults active! Set 'spring.devtools.add-properties' to 'false' to disable
2021-09-07 20:04:49.083  INFO 87572 --- [restartedMain] .e.DevToolsPropertyDefaultsPostProcessor : For additional web related logging consider setting the 'logging.level.web' property to 'DEBUG'
2021-09-07 20:04:50.198  INFO 87572 --- [restartedMain] .s.d.r.c.RepositoryConfigurationDelegate : Bootstrapping Spring Data repositories in DEFAULT mode.
2021-09-07 20:04:50.267  INFO 87572 --- [restartedMain] .s.d.r.c.RepositoryConfigurationDelegate : Finished Spring Data repository scanning in 60ms. Found 2 repository interfaces.
2021-09-07 20:04:50.628  INFO 87572 --- [restartedMain] trationDelegate$BeanPostProcessorChecker : Bean 'org.springframework.transaction.annotation.ProxyTransactionManagementConfiguration' of type [org.springframework.transaction.annotation.ProxyTransactionManagementConfiguration] is not eligible for getting processed by all BeanPostProcessors (for example: not eligible for auto-proxying)
2021-09-07 20:04:50.981  INFO 87572 --- [restartedMain] o.s.b.w.embedded.tomcat.TomcatWebServer  : Tomcat initialized with port(s): 8080 (http)
2021-09-07 20:04:50.990  INFO 87572 --- [restartedMain] o.apache.catalina.core.StandardService   : Starting service [Tomcat]
2021-09-07 20:04:50.991  INFO 87572 --- [restartedMain] org.apache.catalina.core.StandardEngine  : Starting Servlet engine: [Apache Tomcat/9.0.27]
2021-09-07 20:04:51.046  INFO 87572 --- [restartedMain] o.a.c.c.C.[Tomcat].[localhost].[/]       : Initializing Spring embedded WebApplicationContext
2021-09-07 20:04:51.046  INFO 87572 --- [restartedMain] o.s.web.context.ContextLoader            : Root WebApplicationContext: initialization completed in 1963 ms
2021-09-07 20:04:51.159  INFO 87572 --- [restartedMain] com.zaxxer.hikari.HikariDataSource       : HikariPool-1 - Starting...
2021-09-07 20:04:51.327  INFO 87572 --- [restartedMain] com.zaxxer.hikari.HikariDataSource       : HikariPool-1 - Start completed.
2021-09-07 20:04:51.334  INFO 87572 --- [restartedMain] o.s.b.a.h2.H2ConsoleAutoConfiguration    : H2 console available at '/h2-console'. Database available at 'jdbc:h2:mem:testdb'
2021-09-07 20:04:51.513  INFO 87572 --- [restartedMain] o.s.b.a.e.web.ServletEndpointRegistrar   : Registered '/actuator/jolokia' to jolokia-actuator-endpoint
2021-09-07 20:04:51.621  INFO 87572 --- [restartedMain] o.hibernate.jpa.internal.util.LogHelper  : HHH000204: Processing PersistenceUnitInfo [name: default]
2021-09-07 20:04:51.715  INFO 87572 --- [restartedMain] org.hibernate.Version                    : HHH000412: Hibernate Core {5.4.8.Final}
2021-09-07 20:04:51.875  INFO 87572 --- [restartedMain] o.hibernate.annotations.common.Version   : HCANN000001: Hibernate Commons Annotations {5.1.0.Final}
2021-09-07 20:04:51.999  INFO 87572 --- [restartedMain] org.hibernate.dialect.Dialect            : HHH000400: Using dialect: org.hibernate.dialect.H2Dialect
2021-09-07 20:04:52.682  INFO 87572 --- [restartedMain] o.h.e.t.j.p.i.JtaPlatformInitiator       : HHH000490: Using JtaPlatform implementation: [org.hibernate.engine.transaction.jta.platform.internal.NoJtaPlatform]
2021-09-07 20:04:52.688  INFO 87572 --- [restartedMain] j.LocalContainerEntityManagerFactoryBean : Initialized JPA EntityManagerFactory for persistence unit 'default'
2021-09-07 20:04:52.702  INFO 87572 --- [restartedMain] o.s.b.d.a.OptionalLiveReloadServer       : LiveReload server is running on port 35729
2021-09-07 20:04:53.545  WARN 87572 --- [restartedMain] JpaBaseConfiguration$JpaWebConfiguration : spring.jpa.open-in-view is enabled by default. Therefore, database queries may be performed during view rendering. Explicitly configure spring.jpa.open-in-view to disable this warning
2021-09-07 20:04:53.669  INFO 87572 --- [restartedMain] o.s.b.a.e.web.EndpointLinksResolver      : Exposing 15 endpoint(s) beneath base path '/actuator'
2021-09-07 20:04:53.825  INFO 87572 --- [restartedMain] o.s.s.concurrent.ThreadPoolTaskExecutor  : Initializing ExecutorService 'applicationTaskExecutor'
2021-09-07 20:04:53.961  INFO 87572 --- [restartedMain] o.s.s.c.ThreadPoolTaskScheduler          : Initializing ExecutorService
2021-09-07 20:04:54.018  INFO 87572 --- [restartedMain] o.s.s.c.ThreadPoolTaskScheduler          : Initializing ExecutorService 'taskScheduler'
2021-09-07 20:04:54.055  INFO 87572 --- [restartedMain] d.s.w.p.DocumentationPluginsBootstrapper : Context refreshed
2021-09-07 20:04:54.075  INFO 87572 --- [restartedMain] d.s.w.p.DocumentationPluginsBootstrapper : Found 1 custom documentation plugin(s)
2021-09-07 20:04:54.087  INFO 87572 --- [restartedMain] s.d.s.w.s.ApiListingReferenceScanner     : Scanning for api listing references
2021-09-07 20:04:54.278  INFO 87572 --- [restartedMain] .d.s.w.r.o.CachingOperationNameGenerator : Generating unique operation named: getUsingGET_1
2021-09-07 20:04:54.290  INFO 87572 --- [restartedMain] .d.s.w.r.o.CachingOperationNameGenerator : Generating unique operation named: postUsingPOST_1
2021-09-07 20:04:54.341  INFO 87572 --- [restartedMain] o.s.b.w.embedded.tomcat.TomcatWebServer  : Tomcat started on port(s): 8080 (http) with context path ''
2021-09-07 20:04:54.343  INFO 87572 --- [restartedMain] com.gs.api.Application                   : Started Application in 5.696 seconds (JVM running for 6.121)
2021-09-07 20:04:54.493  INFO 87572 --- [registrationTask1] d.c.b.a.c.r.ApplicationRegistrator       : Application registered itself as 7a18f60f8798
2021-09-07 20:04:54.531  INFO 87572 --- [http-nio-8080-exec-1] o.a.c.c.C.[Tomcat].[localhost].[/]       : Initializing Spring DispatcherServlet 'dispatcherServlet'
2021-09-07 20:04:54.531  INFO 87572 --- [http-nio-8080-exec-1] o.s.web.servlet.DispatcherServlet        : Initializing Servlet 'dispatcherServlet'
2021-09-07 20:04:54.539  INFO 87572 --- [http-nio-8080-exec-1] o.s.web.servlet.DispatcherServlet        : Completed initialization in 8 ms
2021-09-07 20:07:03.886  INFO 87572 --- [http-nio-8080-exec-3] com.gs.api.api.resource.BookController   :  creating a book for isbn: 1111 
2021-09-07 20:09:39.001  INFO 87572 --- [http-nio-8080-exec-10] o.a.c.c.C.[Tomcat].[localhost].[/]       : jolokia-actuator-endpoint: No access restrictor found, access to any MBean is allowed
2021-09-07 20:12:26.052  INFO 87572 --- [SpringContextShutdownHook] o.s.s.c.ThreadPoolTaskScheduler          : Shutting down ExecutorService 'taskScheduler'
2021-09-07 20:12:26.055  INFO 87572 --- [SpringContextShutdownHook] o.s.s.c.ThreadPoolTaskScheduler          : Shutting down ExecutorService
2021-09-07 20:12:26.057  INFO 87572 --- [SpringContextShutdownHook] o.s.s.concurrent.ThreadPoolTaskExecutor  : Shutting down ExecutorService 'applicationTaskExecutor'
2021-09-07 20:12:26.062  INFO 87572 --- [SpringContextShutdownHook] j.LocalContainerEntityManagerFactoryBean : Closing JPA EntityManagerFactory for persistence unit 'default'
2021-09-07 20:12:26.063  INFO 87572 --- [SpringContextShutdownHook] .SchemaDropperImpl$DelayedDropActionImpl : HHH000477: Starting delayed evictData of schema as part of SessionFactory shut-down'
2021-09-07 20:12:26.065 ERROR 87572 --- [SpringContextShutdownHook] .SchemaDropperImpl$DelayedDropActionImpl : HHH000478: Unsuccessful: drop table book if exists
2021-09-07 20:12:26.287  WARN 87572 --- [SpringContextShutdownHook] o.s.b.f.support.DisposableBeanAdapter    : Invocation of destroy method failed on bean with name 'inMemoryDatabaseShutdownExecutor': org.h2.jdbc.JdbcSQLNonTransientConnectionException: Database is already closed (to disable automatic closing at VM shutdown, add ";DB_CLOSE_ON_EXIT=FALSE" to the db URL) [90121-200]
2021-09-07 20:12:26.287  INFO 87572 --- [SpringContextShutdownHook] com.zaxxer.hikari.HikariDataSource       : HikariPool-1 - Shutdown initiated...
2021-09-07 20:12:26.292  INFO 87572 --- [SpringContextShutdownHook] com.zaxxer.hikari.HikariDataSource       : HikariPool-1 - Shutdown completed.
